c:\users\sergiu\onedrive\facultate\an3\csso\tema1\tema1\x64\debug\vc142.pdb
c:\users\sergiu\onedrive\facultate\an3\csso\tema1\tema1\x64\debug\vc142.idb
c:\users\sergiu\onedrive\facultate\an3\csso\tema1\tema1\x64\debug\source.obj
c:\users\sergiu\onedrive\facultate\an3\csso\tema1\x64\debug\tema1.pdb
c:\users\sergiu\onedrive\facultate\an3\csso\tema1\tema1\x64\debug\tema1.tlog\cl.command.1.tlog
c:\users\sergiu\onedrive\facultate\an3\csso\tema1\tema1\x64\debug\tema1.tlog\cl.read.1.tlog
c:\users\sergiu\onedrive\facultate\an3\csso\tema1\tema1\x64\debug\tema1.tlog\cl.write.1.tlog
c:\users\sergiu\onedrive\facultate\an3\csso\tema1\tema1\x64\debug\tema1.tlog\link-cvtres.read.1.tlog
c:\users\sergiu\onedrive\facultate\an3\csso\tema1\tema1\x64\debug\tema1.tlog\link-cvtres.write.1.tlog
c:\users\sergiu\onedrive\facultate\an3\csso\tema1\tema1\x64\debug\tema1.tlog\link-rc.read.1.tlog
c:\users\sergiu\onedrive\facultate\an3\csso\tema1\tema1\x64\debug\tema1.tlog\link-rc.write.1.tlog
c:\users\sergiu\onedrive\facultate\an3\csso\tema1\tema1\x64\debug\tema1.tlog\link.6228-cvtres.read.1.tlog
c:\users\sergiu\onedrive\facultate\an3\csso\tema1\tema1\x64\debug\tema1.tlog\link.6228-cvtres.write.1.tlog
c:\users\sergiu\onedrive\facultate\an3\csso\tema1\tema1\x64\debug\tema1.tlog\link.6228-rc.read.1.tlog
c:\users\sergiu\onedrive\facultate\an3\csso\tema1\tema1\x64\debug\tema1.tlog\link.6228-rc.write.1.tlog
c:\users\sergiu\onedrive\facultate\an3\csso\tema1\tema1\x64\debug\tema1.tlog\link.6228.read.1.tlog
c:\users\sergiu\onedrive\facultate\an3\csso\tema1\tema1\x64\debug\tema1.tlog\link.6228.write.1.tlog
c:\users\sergiu\onedrive\facultate\an3\csso\tema1\tema1\x64\debug\tema1.tlog\link.command.1.tlog
c:\users\sergiu\onedrive\facultate\an3\csso\tema1\tema1\x64\debug\tema1.tlog\link.read.1.tlog
c:\users\sergiu\onedrive\facultate\an3\csso\tema1\tema1\x64\debug\tema1.tlog\link.write.1.tlog
