#
# There is insufficient memory for the Java Runtime Environment to continue.
# Native memory allocation (malloc) failed to allocate 220336 bytes for Chunk::new
# Possible reasons:
#   The system is out of physical RAM or swap space
#   The process is running with CompressedOops enabled, and the Java Heap may be blocking the growth of the native heap
# Possible solutions:
#   Reduce memory load on the system
#   Increase physical memory or swap space
#   Check if swap backing store is full
#   Decrease Java heap size (-Xmx/-Xms)
#   Decrease number of Java threads
#   Decrease Java thread stack sizes (-Xss)
#   Set larger code cache with -XX:ReservedCodeCacheSize=
#   JVM is running with Unscaled Compressed Oops mode in which the Java heap is
#     placed in the first 4GB address space. The Java Heap base address is the
#     maximum limit for the native heap growth. Please use -XX:HeapBaseMinAddress
#     to set the Java Heap base and to place the Java Heap above 4GB virtual address.
# This output file may be truncated or incomplete.
#
#  Out of Memory Error (t:/workspace/open/src/hotspot/share/memory/arena.cpp:198), pid=4708, tid=11676
#
# JRE version: Java(TM) SE Runtime Environment (10.0.1+10) (build 10.0.1+10)
# Java VM: Java HotSpot(TM) 64-Bit Server VM (10.0.1+10, mixed mode, tiered, compressed oops, g1 gc, windows-amd64)
# No core dump will be written. Minidumps are not enabled by default on client versions of Windows
#

---------------  S U M M A R Y ------------

Command Line: -javaagent:D:\Program Files\JetBrains\IntelliJ IDEA 2018.1.1\lib\idea_rt.jar=3737:D:\Program Files\JetBrains\IntelliJ IDEA 2018.1.1\bin -Dfile.encoding=UTF-8 Main

Host: Intel(R) Core(TM) i5-2430M CPU @ 2.40GHz, 4 cores, 7G,  Windows 10 , 64 bit Build 16299 (10.0.16299.15)
Time: Tue Apr 24 17:09:21 2018 GTB Standard Time elapsed time: 0 seconds (0d 0h 0m 0s)

---------------  T H R E A D  ---------------

Current thread (0x000001f4f8b26000):  JavaThread "C2 CompilerThread0" daemon [_thread_in_native, id=11676, stack(0x0000008837f00000,0x0000008838000000)]


Current CompileTask:
C2:    305  160       4       java.util.HashMap::resize (356 bytes)

Stack: [0x0000008837f00000,0x0000008838000000]
Native frames: (J=compiled Java code, j=interpreted, Vv=VM code, C=native code)
V  [jvm.dll+0x5a0369]
V  [jvm.dll+0x6bcf81]
V  [jvm.dll+0x6be176]
V  [jvm.dll+0x6be803]
V  [jvm.dll+0x234998]
V  [jvm.dll+0xbb92c]
V  [jvm.dll+0xbbe2c]
V  [jvm.dll+0x34bcf8]
V  [jvm.dll+0x310efa]
V  [jvm.dll+0x31048a]
V  [jvm.dll+0x1ffde1]
V  [jvm.dll+0x1ff066]
V  [jvm.dll+0x17ca6b]
V  [jvm.dll+0x20c81d]
V  [jvm.dll+0x20b5e6]
V  [jvm.dll+0x68bb6f]
V  [jvm.dll+0x59f680]
C  [msvcr120.dll+0x24f7f]
C  [msvcr120.dll+0x25126]
C  [KERNEL32.DLL+0x11fe4]
C  [ntdll.dll+0x6f061]


---------------  P R O C E S S  ---------------

Threads class SMR info:
_java_thread_list=0x000001f4f8c0b8d0, length=10, elements={
0x000001f4d4fc7000, 0x000001f4f8acb800, 0x000001f4f8ad5000, 0x000001f4f8b1d800,
0x000001f4f8b1e800, 0x000001f4f8b26000, 0x000001f4f8b2f800, 0x000001f4f8b98800,
0x000001f4f8bb6800, 0x000001f4f8d67800
}

Java Threads: ( => current thread )
  0x000001f4d4fc7000 JavaThread "main" [_thread_in_vm, id=2536, stack(0x0000008836e00000,0x0000008836f00000)]
  0x000001f4f8acb800 JavaThread "Reference Handler" daemon [_thread_blocked, id=13712, stack(0x0000008837b00000,0x0000008837c00000)]
  0x000001f4f8ad5000 JavaThread "Finalizer" daemon [_thread_blocked, id=5592, stack(0x0000008837c00000,0x0000008837d00000)]
  0x000001f4f8b1d800 JavaThread "Signal Dispatcher" daemon [_thread_blocked, id=13536, stack(0x0000008837d00000,0x0000008837e00000)]
  0x000001f4f8b1e800 JavaThread "Attach Listener" daemon [_thread_blocked, id=7664, stack(0x0000008837e00000,0x0000008837f00000)]
=>0x000001f4f8b26000 JavaThread "C2 CompilerThread0" daemon [_thread_in_native, id=11676, stack(0x0000008837f00000,0x0000008838000000)]
  0x000001f4f8b2f800 JavaThread "C2 CompilerThread1" daemon [_thread_blocked, id=3496, stack(0x0000008838000000,0x0000008838100000)]
  0x000001f4f8b98800 JavaThread "C1 CompilerThread2" daemon [_thread_blocked, id=8808, stack(0x0000008838100000,0x0000008838200000)]
  0x000001f4f8bb6800 JavaThread "Sweeper thread" daemon [_thread_blocked, id=8164, stack(0x0000008838200000,0x0000008838300000)]
  0x000001f4f8d67800 JavaThread "Common-Cleaner" daemon [_thread_blocked, id=11824, stack(0x0000008838300000,0x0000008838400000)]

Other Threads:
  0x000001f4f8ac6800 VMThread "VM Thread" [stack: 0x0000008837a00000,0x0000008837b00000] [id=12916]
  0x000001f4d4fdd800 GCTaskThread "GC Thread#0" [stack: 0x0000008836f00000,0x0000008837000000] [id=3580]
  0x000001f4d4fdf000 GCTaskThread "GC Thread#1" [stack: 0x0000008837000000,0x0000008837100000] [id=6036]
  0x000001f4d4fe0800 GCTaskThread "GC Thread#2" [stack: 0x0000008837100000,0x0000008837200000] [id=1656]
  0x000001f4d4fe3000 GCTaskThread "GC Thread#3" [stack: 0x0000008837200000,0x0000008837300000] [id=1280]
  0x000001f4d500c000 ConcurrentGCThread "G1 Main Marker" [stack: 0x0000008837300000,0x0000008837400000] [id=12784]
  0x000001f4d500f000 ConcurrentGCThread "G1 Conc#0" [stack: 0x0000008837400000,0x0000008837500000] [id=1384]
  0x000001f4f5c73000 ConcurrentGCThread "G1 Refine#0" [stack: 0x0000008837500000,0x0000008837600000] [id=6888]
  0x000001f4f5c75000 ConcurrentGCThread "G1 Refine#1" [stack: 0x0000008837600000,0x0000008837700000] [id=6404]
  0x000001f4f5c7b800 ConcurrentGCThread "G1 Refine#2" [stack: 0x0000008837700000,0x0000008837800000] [id=1648]
  0x000001f4f5c7e800 ConcurrentGCThread "G1 Refine#3" [stack: 0x0000008837800000,0x0000008837900000] [id=12780]
  0x000001f4f5c83800 ConcurrentGCThread "G1 Young RemSet Sampling" [stack: 0x0000008837900000,0x0000008837a00000] [id=11632]

Threads with active compile tasks:
C2 CompilerThread0 160       4       java.util.HashMap::resize (356 bytes)

VM state:not at safepoint (normal execution)

VM Mutex/Monitor currently owned by a thread: None

Heap address: 0x0000000082400000, size: 2012 MB, Compressed Oops mode: 32-bit
Narrow klass base: 0x0000000000000000, Narrow klass shift: 3
Compressed class space size: 1073741824 Address: 0x0000000100000000

Heap:
 garbage-first heap   total 129024K, used 1024K [0x0000000082400000, 0x0000000100000000)
  region size 1024K, 2 young (2048K), 0 survivors (0K)
 Metaspace       used 4081K, capacity 4480K, committed 4480K, reserved 1056768K
  class space    used 347K, capacity 384K, committed 384K, reserved 1048576K
Heap Regions: E=young(eden), S=young(survivor), O=old, HS=humongous(starts), HC=humongous(continues), CS=collection set, F=free, A=archive, TS=gc time stamp, AC=allocation context, TAMS=top-at-mark-start (previous, next)
|   0|0x0000000082400000, 0x0000000082400000, 0x0000000082500000|  0%| F|  |TS  0|AC  0|TAMS 0x0000000082400000, 0x0000000082400000|
|   1|0x0000000082500000, 0x0000000082500000, 0x0000000082600000|  0%| F|  |TS  0|AC  0|TAMS 0x0000000082500000, 0x0000000082500000|
|   2|0x0000000082600000, 0x0000000082600000, 0x0000000082700000|  0%| F|  |TS  0|AC  0|TAMS 0x0000000082600000, 0x0000000082600000|
|   3|0x0000000082700000, 0x0000000082700000, 0x0000000082800000|  0%| F|  |TS  0|AC  0|TAMS 0x0000000082700000, 0x0000000082700000|
|   4|0x0000000082800000, 0x0000000082800000, 0x0000000082900000|  0%| F|  |TS  0|AC  0|TAMS 0x0000000082800000, 0x0000000082800000|
|   5|0x0000000082900000, 0x0000000082900000, 0x0000000082a00000|  0%| F|  |TS  0|AC  0|TAMS 0x0000000082900000, 0x0000000082900000|
|   6|0x0000000082a00000, 0x0000000082a00000, 0x0000000082b00000|  0%| F|  |TS  0|AC  0|TAMS 0x0000000082a00000, 0x0000000082a00000|
|   7|0x0000000082b00000, 0x0000000082b00000, 0x0000000082c00000|  0%| F|  |TS  0|AC  0|TAMS 0x0000000082b00000, 0x0000000082b00000|
|   8|0x0000000082c00000, 0x0000000082c00000, 0x0000000082d00000|  0%| F|  |TS  0|AC  0|TAMS 0x0000000082c00000, 0x0000000082c00000|
|   9|0x0000000082d00000, 0x0000000082d00000, 0x0000000082e00000|  0%| F|  |TS  0|AC  0|TAMS 0x0000000082d00000, 0x0000000082d00000|
|  10|0x0000000082e00000, 0x0000000082e00000, 0x0000000082f00000|  0%| F|  |TS  0|AC  0|TAMS 0x0000000082e00000, 0x0000000082e00000|
|  11|0x0000000082f00000, 0x0000000082f00000, 0x0000000083000000|  0%| F|  |TS  0|AC  0|TAMS 0x0000000082f00000, 0x0000000082f00000|
|  12|0x0000000083000000, 0x0000000083000000, 0x0000000083100000|  0%| F|  |TS  0|AC  0|TAMS 0x0000000083000000, 0x0000000083000000|
|  13|0x0000000083100000, 0x0000000083100000, 0x0000000083200000|  0%| F|  |TS  0|AC  0|TAMS 0x0000000083100000, 0x0000000083100000|
|  14|0x0000000083200000, 0x0000000083200000, 0x0000000083300000|  0%| F|  |TS  0|AC  0|TAMS 0x0000000083200000, 0x0000000083200000|
|  15|0x0000000083300000, 0x0000000083300000, 0x0000000083400000|  0%| F|  |TS  0|AC  0|TAMS 0x0000000083300000, 0x0000000083300000|
|  16|0x0000000083400000, 0x0000000083400000, 0x0000000083500000|  0%| F|  |TS  0|AC  0|TAMS 0x0000000083400000, 0x0000000083400000|
|  17|0x0000000083500000, 0x0000000083500000, 0x0000000083600000|  0%| F|  |TS  0|AC  0|TAMS 0x0000000083500000, 0x0000000083500000|
|  18|0x0000000083600000, 0x0000000083600000, 0x0000000083700000|  0%| F|  |TS  0|AC  0|TAMS 0x0000000083600000, 0x0000000083600000|
|  19|0x0000000083700000, 0x0000000083700000, 0x0000000083800000|  0%| F|  |TS  0|AC  0|TAMS 0x0000000083700000, 0x0000000083700000|
|  20|0x0000000083800000, 0x0000000083800000, 0x0000000083900000|  0%| F|  |TS  0|AC  0|TAMS 0x0000000083800000, 0x0000000083800000|
|  21|0x0000000083900000, 0x0000000083900000, 0x0000000083a00000|  0%| F|  |TS  0|AC  0|TAMS 0x0000000083900000, 0x0000000083900000|
|  22|0x0000000083a00000, 0x0000000083a00000, 0x0000000083b00000|  0%| F|  |TS  0|AC  0|TAMS 0x0000000083a00000, 0x0000000083a00000|
|  23|0x0000000083b00000, 0x0000000083b00000, 0x0000000083c00000|  0%| F|  |TS  0|AC  0|TAMS 0x0000000083b00000, 0x0000000083b00000|
|  24|0x0000000083c00000, 0x0000000083c00000, 0x0000000083d00000|  0%| F|  |TS  0|AC  0|TAMS 0x0000000083c00000, 0x0000000083c00000|
|  25|0x0000000083d00000, 0x0000000083d00000, 0x0000000083e00000|  0%| F|  |TS  0|AC  0|TAMS 0x0000000083d00000, 0x0000000083d00000|
|  26|0x0000000083e00000, 0x0000000083e00000, 0x0000000083f00000|  0%| F|  |TS  0|AC  0|TAMS 0x0000000083e00000, 0x0000000083e00000|
|  27|0x0000000083f00000, 0x0000000083f00000, 0x0000000084000000|  0%| F|  |TS  0|AC  0|TAMS 0x0000000083f00000, 0x0000000083f00000|
|  28|0x0000000084000000, 0x0000000084000000, 0x0000000084100000|  0%| F|  |TS  0|AC  0|TAMS 0x0000000084000000, 0x0000000084000000|
|  29|0x0000000084100000, 0x0000000084100000, 0x0000000084200000|  0%| F|  |TS  0|AC  0|TAMS 0x0000000084100000, 0x0000000084100000|
|  30|0x0000000084200000, 0x0000000084200000, 0x0000000084300000|  0%| F|  |TS  0|AC  0|TAMS 0x0000000084200000, 0x0000000084200000|
|  31|0x0000000084300000, 0x0000000084300000, 0x0000000084400000|  0%| F|  |TS  0|AC  0|TAMS 0x0000000084300000, 0x0000000084300000|
|  32|0x0000000084400000, 0x0000000084400000, 0x0000000084500000|  0%| F|  |TS  0|AC  0|TAMS 0x0000000084400000, 0x0000000084400000|
|  33|0x0000000084500000, 0x0000000084500000, 0x0000000084600000|  0%| F|  |TS  0|AC  0|TAMS 0x0000000084500000, 0x0000000084500000|
|  34|0x0000000084600000, 0x0000000084600000, 0x0000000084700000|  0%| F|  |TS  0|AC  0|TAMS 0x0000000084600000, 0x0000000084600000|
|  35|0x0000000084700000, 0x0000000084700000, 0x0000000084800000|  0%| F|  |TS  0|AC  0|TAMS 0x0000000084700000, 0x0000000084700000|
|  36|0x0000000084800000, 0x0000000084800000, 0x0000000084900000|  0%| F|  |TS  0|AC  0|TAMS 0x0000000084800000, 0x0000000084800000|
|  37|0x0000000084900000, 0x0000000084900000, 0x0000000084a00000|  0%| F|  |TS  0|AC  0|TAMS 0x0000000084900000, 0x0000000084900000|
|  38|0x0000000084a00000, 0x0000000084a00000, 0x0000000084b00000|  0%| F|  |TS  0|AC  0|TAMS 0x0000000084a00000, 0x0000000084a00000|
|  39|0x0000000084b00000, 0x0000000084b00000, 0x0000000084c00000|  0%| F|  |TS  0|AC  0|TAMS 0x0000000084b00000, 0x0000000084b00000|
|  40|0x0000000084c00000, 0x0000000084c00000, 0x0000000084d00000|  0%| F|  |TS  0|AC  0|TAMS 0x0000000084c00000, 0x0000000084c00000|
|  41|0x0000000084d00000, 0x0000000084d00000, 0x0000000084e00000|  0%| F|  |TS  0|AC  0|TAMS 0x0000000084d00000, 0x0000000084d00000|
|  42|0x0000000084e00000, 0x0000000084e00000, 0x0000000084f00000|  0%| F|  |TS  0|AC  0|TAMS 0x0000000084e00000, 0x0000000084e00000|
|  43|0x0000000084f00000, 0x0000000084f00000, 0x0000000085000000|  0%| F|  |TS  0|AC  0|TAMS 0x0000000084f00000, 0x0000000084f00000|
|  44|0x0000000085000000, 0x0000000085000000, 0x0000000085100000|  0%| F|  |TS  0|AC  0|TAMS 0x0000000085000000, 0x0000000085000000|
|  45|0x0000000085100000, 0x0000000085100000, 0x0000000085200000|  0%| F|  |TS  0|AC  0|TAMS 0x0000000085100000, 0x0000000085100000|
|  46|0x0000000085200000, 0x0000000085200000, 0x0000000085300000|  0%| F|  |TS  0|AC  0|TAMS 0x0000000085200000, 0x0000000085200000|
|  47|0x0000000085300000, 0x0000000085300000, 0x0000000085400000|  0%| F|  |TS  0|AC  0|TAMS 0x0000000085300000, 0x0000000085300000|
|  48|0x0000000085400000, 0x0000000085400000, 0x0000000085500000|  0%| F|  |TS  0|AC  0|TAMS 0x0000000085400000, 0x0000000085400000|
|  49|0x0000000085500000, 0x0000000085500000, 0x0000000085600000|  0%| F|  |TS  0|AC  0|TAMS 0x0000000085500000, 0x0000000085500000|
|  50|0x0000000085600000, 0x0000000085600000, 0x0000000085700000|  0%| F|  |TS  0|AC  0|TAMS 0x0000000085600000, 0x0000000085600000|
|  51|0x0000000085700000, 0x0000000085700000, 0x0000000085800000|  0%| F|  |TS  0|AC  0|TAMS 0x0000000085700000, 0x0000000085700000|
|  52|0x0000000085800000, 0x0000000085800000, 0x0000000085900000|  0%| F|  |TS  0|AC  0|TAMS 0x0000000085800000, 0x0000000085800000|
|  53|0x0000000085900000, 0x0000000085900000, 0x0000000085a00000|  0%| F|  |TS  0|AC  0|TAMS 0x0000000085900000, 0x0000000085900000|
|  54|0x0000000085a00000, 0x0000000085a00000, 0x0000000085b00000|  0%| F|  |TS  0|AC  0|TAMS 0x0000000085a00000, 0x0000000085a00000|
|  55|0x0000000085b00000, 0x0000000085b00000, 0x0000000085c00000|  0%| F|  |TS  0|AC  0|TAMS 0x0000000085b00000, 0x0000000085b00000|
|  56|0x0000000085c00000, 0x0000000085c00000, 0x0000000085d00000|  0%| F|  |TS  0|AC  0|TAMS 0x0000000085c00000, 0x0000000085c00000|
|  57|0x0000000085d00000, 0x0000000085d00000, 0x0000000085e00000|  0%| F|  |TS  0|AC  0|TAMS 0x0000000085d00000, 0x0000000085d00000|
|  58|0x0000000085e00000, 0x0000000085e00000, 0x0000000085f00000|  0%| F|  |TS  0|AC  0|TAMS 0x0000000085e00000, 0x0000000085e00000|
|  59|0x0000000085f00000, 0x0000000085f00000, 0x0000000086000000|  0%| F|  |TS  0|AC  0|TAMS 0x0000000085f00000, 0x0000000085f00000|
|  60|0x0000000086000000, 0x0000000086000000, 0x0000000086100000|  0%| F|  |TS  0|AC  0|TAMS 0x0000000086000000, 0x0000000086000000|
|  61|0x0000000086100000, 0x0000000086100000, 0x0000000086200000|  0%| F|  |TS  0|AC  0|TAMS 0x0000000086100000, 0x0000000086100000|
|  62|0x0000000086200000, 0x0000000086200000, 0x0000000086300000|  0%| F|  |TS  0|AC  0|TAMS 0x0000000086200000, 0x0000000086200000|
|  63|0x0000000086300000, 0x0000000086300000, 0x0000000086400000|  0%| F|  |TS  0|AC  0|TAMS 0x0000000086300000, 0x0000000086300000|
|  64|0x0000000086400000, 0x0000000086400000, 0x0000000086500000|  0%| F|  |TS  0|AC  0|TAMS 0x0000000086400000, 0x0000000086400000|
|  65|0x0000000086500000, 0x0000000086500000, 0x0000000086600000|  0%| F|  |TS  0|AC  0|TAMS 0x0000000086500000, 0x0000000086500000|
|  66|0x0000000086600000, 0x0000000086600000, 0x0000000086700000|  0%| F|  |TS  0|AC  0|TAMS 0x0000000086600000, 0x0000000086600000|
|  67|0x0000000086700000, 0x0000000086700000, 0x0000000086800000|  0%| F|  |TS  0|AC  0|TAMS 0x0000000086700000, 0x0000000086700000|
|  68|0x0000000086800000, 0x0000000086800000, 0x0000000086900000|  0%| F|  |TS  0|AC  0|TAMS 0x0000000086800000, 0x0000000086800000|
|  69|0x0000000086900000, 0x0000000086900000, 0x0000000086a00000|  0%| F|  |TS  0|AC  0|TAMS 0x0000000086900000, 0x0000000086900000|
|  70|0x0000000086a00000, 0x0000000086a00000, 0x0000000086b00000|  0%| F|  |TS  0|AC  0|TAMS 0x0000000086a00000, 0x0000000086a00000|
|  71|0x0000000086b00000, 0x0000000086b00000, 0x0000000086c00000|  0%| F|  |TS  0|AC  0|TAMS 0x0000000086b00000, 0x0000000086b00000|
|  72|0x0000000086c00000, 0x0000000086c00000, 0x0000000086d00000|  0%| F|  |TS  0|AC  0|TAMS 0x0000000086c00000, 0x0000000086c00000|
|  73|0x0000000086d00000, 0x0000000086d00000, 0x0000000086e00000|  0%| F|  |TS  0|AC  0|TAMS 0x0000000086d00000, 0x0000000086d00000|
|  74|0x0000000086e00000, 0x0000000086e00000, 0x0000000086f00000|  0%| F|  |TS  0|AC  0|TAMS 0x0000000086e00000, 0x0000000086e00000|
|  75|0x0000000086f00000, 0x0000000086f00000, 0x0000000087000000|  0%| F|  |TS  0|AC  0|TAMS 0x0000000086f00000, 0x0000000086f00000|
|  76|0x0000000087000000, 0x0000000087000000, 0x0000000087100000|  0%| F|  |TS  0|AC  0|TAMS 0x0000000087000000, 0x0000000087000000|
|  77|0x0000000087100000, 0x0000000087100000, 0x0000000087200000|  0%| F|  |TS  0|AC  0|TAMS 0x0000000087100000, 0x0000000087100000|
|  78|0x0000000087200000, 0x0000000087200000, 0x0000000087300000|  0%| F|  |TS  0|AC  0|TAMS 0x0000000087200000, 0x0000000087200000|
|  79|0x0000000087300000, 0x0000000087300000, 0x0000000087400000|  0%| F|  |TS  0|AC  0|TAMS 0x0000000087300000, 0x0000000087300000|
|  80|0x0000000087400000, 0x0000000087400000, 0x0000000087500000|  0%| F|  |TS  0|AC  0|TAMS 0x0000000087400000, 0x0000000087400000|
|  81|0x0000000087500000, 0x0000000087500000, 0x0000000087600000|  0%| F|  |TS  0|AC  0|TAMS 0x0000000087500000, 0x0000000087500000|
|  82|0x0000000087600000, 0x0000000087600000, 0x0000000087700000|  0%| F|  |TS  0|AC  0|TAMS 0x0000000087600000, 0x0000000087600000|
|  83|0x0000000087700000, 0x0000000087700000, 0x0000000087800000|  0%| F|  |TS  0|AC  0|TAMS 0x0000000087700000, 0x0000000087700000|
|  84|0x0000000087800000, 0x0000000087800000, 0x0000000087900000|  0%| F|  |TS  0|AC  0|TAMS 0x0000000087800000, 0x0000000087800000|
|  85|0x0000000087900000, 0x0000000087900000, 0x0000000087a00000|  0%| F|  |TS  0|AC  0|TAMS 0x0000000087900000, 0x0000000087900000|
|  86|0x0000000087a00000, 0x0000000087a00000, 0x0000000087b00000|  0%| F|  |TS  0|AC  0|TAMS 0x0000000087a00000, 0x0000000087a00000|
|  87|0x0000000087b00000, 0x0000000087b00000, 0x0000000087c00000|  0%| F|  |TS  0|AC  0|TAMS 0x0000000087b00000, 0x0000000087b00000|
|  88|0x0000000087c00000, 0x0000000087c00000, 0x0000000087d00000|  0%| F|  |TS  0|AC  0|TAMS 0x0000000087c00000, 0x0000000087c00000|
|  89|0x0000000087d00000, 0x0000000087d00000, 0x0000000087e00000|  0%| F|  |TS  0|AC  0|TAMS 0x0000000087d00000, 0x0000000087d00000|
|  90|0x0000000087e00000, 0x0000000087e00000, 0x0000000087f00000|  0%| F|  |TS  0|AC  0|TAMS 0x0000000087e00000, 0x0000000087e00000|
|  91|0x0000000087f00000, 0x0000000087f00000, 0x0000000088000000|  0%| F|  |TS  0|AC  0|TAMS 0x0000000087f00000, 0x0000000087f00000|
|  92|0x0000000088000000, 0x0000000088000000, 0x0000000088100000|  0%| F|  |TS  0|AC  0|TAMS 0x0000000088000000, 0x0000000088000000|
|  93|0x0000000088100000, 0x0000000088100000, 0x0000000088200000|  0%| F|  |TS  0|AC  0|TAMS 0x0000000088100000, 0x0000000088100000|
|  94|0x0000000088200000, 0x0000000088200000, 0x0000000088300000|  0%| F|  |TS  0|AC  0|TAMS 0x0000000088200000, 0x0000000088200000|
|  95|0x0000000088300000, 0x0000000088300000, 0x0000000088400000|  0%| F|  |TS  0|AC  0|TAMS 0x0000000088300000, 0x0000000088300000|
|  96|0x0000000088400000, 0x0000000088400000, 0x0000000088500000|  0%| F|  |TS  0|AC  0|TAMS 0x0000000088400000, 0x0000000088400000|
|  97|0x0000000088500000, 0x0000000088500000, 0x0000000088600000|  0%| F|  |TS  0|AC  0|TAMS 0x0000000088500000, 0x0000000088500000|
|  98|0x0000000088600000, 0x0000000088600000, 0x0000000088700000|  0%| F|  |TS  0|AC  0|TAMS 0x0000000088600000, 0x0000000088600000|
|  99|0x0000000088700000, 0x0000000088700000, 0x0000000088800000|  0%| F|  |TS  0|AC  0|TAMS 0x0000000088700000, 0x0000000088700000|
| 100|0x0000000088800000, 0x0000000088800000, 0x0000000088900000|  0%| F|  |TS  0|AC  0|TAMS 0x0000000088800000, 0x0000000088800000|
| 101|0x0000000088900000, 0x0000000088900000, 0x0000000088a00000|  0%| F|  |TS  0|AC  0|TAMS 0x0000000088900000, 0x0000000088900000|
| 102|0x0000000088a00000, 0x0000000088a00000, 0x0000000088b00000|  0%| F|  |TS  0|AC  0|TAMS 0x0000000088a00000, 0x0000000088a00000|
| 103|0x0000000088b00000, 0x0000000088b00000, 0x0000000088c00000|  0%| F|  |TS  0|AC  0|TAMS 0x0000000088b00000, 0x0000000088b00000|
| 104|0x0000000088c00000, 0x0000000088c00000, 0x0000000088d00000|  0%| F|  |TS  0|AC  0|TAMS 0x0000000088c00000, 0x0000000088c00000|
| 105|0x0000000088d00000, 0x0000000088d00000, 0x0000000088e00000|  0%| F|  |TS  0|AC  0|TAMS 0x0000000088d00000, 0x0000000088d00000|
| 106|0x0000000088e00000, 0x0000000088e00000, 0x0000000088f00000|  0%| F|  |TS  0|AC  0|TAMS 0x0000000088e00000, 0x0000000088e00000|
| 107|0x0000000088f00000, 0x0000000088f00000, 0x0000000089000000|  0%| F|  |TS  0|AC  0|TAMS 0x0000000088f00000, 0x0000000088f00000|
| 108|0x0000000089000000, 0x0000000089000000, 0x0000000089100000|  0%| F|  |TS  0|AC  0|TAMS 0x0000000089000000, 0x0000000089000000|
| 109|0x0000000089100000, 0x0000000089100000, 0x0000000089200000|  0%| F|  |TS  0|AC  0|TAMS 0x0000000089100000, 0x0000000089100000|
| 110|0x0000000089200000, 0x0000000089200000, 0x0000000089300000|  0%| F|  |TS  0|AC  0|TAMS 0x0000000089200000, 0x0000000089200000|
| 111|0x0000000089300000, 0x0000000089300000, 0x0000000089400000|  0%| F|  |TS  0|AC  0|TAMS 0x0000000089300000, 0x0000000089300000|
| 112|0x0000000089400000, 0x0000000089400000, 0x0000000089500000|  0%| F|  |TS  0|AC  0|TAMS 0x0000000089400000, 0x0000000089400000|
| 113|0x0000000089500000, 0x0000000089500000, 0x0000000089600000|  0%| F|  |TS  0|AC  0|TAMS 0x0000000089500000, 0x0000000089500000|
| 114|0x0000000089600000, 0x0000000089600000, 0x0000000089700000|  0%| F|  |TS  0|AC  0|TAMS 0x0000000089600000, 0x0000000089600000|
| 115|0x0000000089700000, 0x0000000089700000, 0x0000000089800000|  0%| F|  |TS  0|AC  0|TAMS 0x0000000089700000, 0x0000000089700000|
| 116|0x0000000089800000, 0x0000000089800000, 0x0000000089900000|  0%| F|  |TS  0|AC  0|TAMS 0x0000000089800000, 0x0000000089800000|
| 117|0x0000000089900000, 0x0000000089900000, 0x0000000089a00000|  0%| F|  |TS  0|AC  0|TAMS 0x0000000089900000, 0x0000000089900000|
| 118|0x0000000089a00000, 0x0000000089a00000, 0x0000000089b00000|  0%| F|  |TS  0|AC  0|TAMS 0x0000000089a00000, 0x0000000089a00000|
| 119|0x0000000089b00000, 0x0000000089b00000, 0x0000000089c00000|  0%| F|  |TS  0|AC  0|TAMS 0x0000000089b00000, 0x0000000089b00000|
| 120|0x0000000089c00000, 0x0000000089c00000, 0x0000000089d00000|  0%| F|  |TS  0|AC  0|TAMS 0x0000000089c00000, 0x0000000089c00000|
| 121|0x0000000089d00000, 0x0000000089d00000, 0x0000000089e00000|  0%| F|  |TS  0|AC  0|TAMS 0x0000000089d00000, 0x0000000089d00000|
| 122|0x0000000089e00000, 0x0000000089e00000, 0x0000000089f00000|  0%| F|  |TS  0|AC  0|TAMS 0x0000000089e00000, 0x0000000089e00000|
| 123|0x0000000089f00000, 0x0000000089f00000, 0x000000008a000000|  0%| F|  |TS  0|AC  0|TAMS 0x0000000089f00000, 0x0000000089f00000|
| 124|0x000000008a000000, 0x000000008a0d7938, 0x000000008a100000| 84%| E|  |TS  0|AC  0|TAMS 0x000000008a000000, 0x000000008a000000|
| 125|0x000000008a100000, 0x000000008a200000, 0x000000008a200000|100%| E|CS|TS  0|AC  0|TAMS 0x000000008a100000, 0x000000008a100000|

Card table byte_map: [0x000001f4f1520000,0x000001f4f1910000] byte_map_base: 0x000001f4f110e000

Marking Bits (Prev, Next): (CMBitMap*) 0x000001f4d500b010, (CMBitMap*) 0x000001f4d500b048
 Prev Bits: [0x000001f4f1d00000, 0x000001f4f3c70000)
 Next Bits: [0x000001f4f3c70000, 0x000001f4f5be0000)

Polling page: 0x000001f4d4d10000

CodeHeap 'non-profiled nmethods': size=120064Kb used=61Kb max_used=61Kb free=120002Kb
 bounds [0x000001f4e95d0000, 0x000001f4e9840000, 0x000001f4f0b10000]
CodeHeap 'profiled nmethods': size=120000Kb used=240Kb max_used=240Kb free=119759Kb
 bounds [0x000001f4e20a0000, 0x000001f4e2310000, 0x000001f4e95d0000]
CodeHeap 'non-nmethods': size=5696Kb used=1001Kb max_used=1010Kb free=4694Kb
 bounds [0x000001f4e1b10000, 0x000001f4e1d80000, 0x000001f4e20a0000]
 total_blobs=516 nmethods=177 adapters=174
 compilation: enabled

Compilation events (10 events):
Event: 0.292 Thread 0x000001f4f8b98800 nmethod 161 0x000001f4e20d5510 code [0x000001f4e20d56c0, 0x000001f4e20d5998]
Event: 0.292 Thread 0x000001f4f8b98800  162       3       jdk.internal.misc.Unsafe::putObjectRelease (9 bytes)
Event: 0.292 Thread 0x000001f4f8b98800 nmethod 162 0x000001f4e20d5a90 code [0x000001f4e20d5c40, 0x000001f4e20d5df8]
Event: 0.293 Thread 0x000001f4f8b98800  163       1       jdk.internal.module.ModuleReferenceImpl::moduleResolution (5 bytes)
Event: 0.293 Thread 0x000001f4f8b98800 nmethod 163 0x000001f4e95de410 code [0x000001f4e95de5c0, 0x000001f4e95de6d8]
Event: 0.296 Thread 0x000001f4f8b98800  164       3       java.util.ImmutableCollections$SetN::<init> (90 bytes)
Event: 0.296 Thread 0x000001f4f8b2f800  165       4       java.util.ImmutableCollections$SetN::probe (60 bytes)
Event: 0.297 Thread 0x000001f4f8b98800 nmethod 164 0x000001f4e20d5e90 code [0x000001f4e20d6180, 0x000001f4e20d7180]
Event: 0.298 Thread 0x000001f4f8b98800  166       3       java.util.Map::entry (10 bytes)
Event: 0.298 Thread 0x000001f4f8b98800 nmethod 166 0x000001f4e20d7710 code [0x000001f4e20d7920, 0x000001f4e20d7ee0]

GC Heap History (0 events):
No events

Deoptimization events (1 events):
Event: 0.273 Thread 0x000001f4d4fc7000 Uncommon trap: reason=unstable_if action=reinterpret pc=0x000001f4e95d9874 method=java.util.HashMap.putVal(ILjava/lang/Object;Ljava/lang/Object;ZZ)Ljava/lang/Object; @ 69 c2

Classes redefined (0 events):
No events

Internal exceptions (0 events):
No events

Events (10 events):
Event: 0.289 loading class jdk/internal/module/ServicesCatalog$ServiceProvider
Event: 0.289 loading class jdk/internal/module/ServicesCatalog$ServiceProvider done
Event: 0.292 loading class java/lang/ModuleLayer$Controller
Event: 0.292 loading class java/lang/ModuleLayer$Controller done
Event: 0.294 loading class jdk/internal/module/IllegalAccessLogger$Mode
Event: 0.294 loading class jdk/internal/module/IllegalAccessLogger$Mode done
Event: 0.294 loading class jdk/internal/module/IllegalAccessLogger$Builder
Event: 0.294 loading class jdk/internal/module/IllegalAccessLogger$Builder done
Event: 0.299 loading class jdk/internal/module/ModuleBootstrap$2
Event: 0.299 loading class jdk/internal/module/ModuleBootstrap$2 done


Dynamic libraries:
0x00007ff7f68b0000 - 0x00007ff7f68ee000 	D:\Program Files\Java\jdk-10.0.1\bin\java.exe
0x00007ffff2b50000 - 0x00007ffff2d30000 	C:\WINDOWS\SYSTEM32\ntdll.dll
0x00007ffff0e60000 - 0x00007ffff0f0e000 	C:\WINDOWS\System32\KERNEL32.DLL
0x00007fffef070000 - 0x00007fffef2d6000 	C:\WINDOWS\System32\KERNELBASE.dll
0x00007ffff0db0000 - 0x00007ffff0e51000 	C:\WINDOWS\System32\ADVAPI32.dll
0x00007ffff0030000 - 0x00007ffff00cd000 	C:\WINDOWS\System32\msvcrt.dll
0x00007ffff2910000 - 0x00007ffff296b000 	C:\WINDOWS\System32\sechost.dll
0x00007ffff0a50000 - 0x00007ffff0b6f000 	C:\WINDOWS\System32\RPCRT4.dll
0x00007ffff2780000 - 0x00007ffff290f000 	C:\WINDOWS\System32\USER32.dll
0x00007fffeef50000 - 0x00007fffeef70000 	C:\WINDOWS\System32\win32u.dll
0x00007ffff0f40000 - 0x00007ffff0f68000 	C:\WINDOWS\System32\GDI32.dll
0x00007fffefdd0000 - 0x00007fffeff63000 	C:\WINDOWS\System32\gdi32full.dll
0x00007fffefd30000 - 0x00007fffefdcb000 	C:\WINDOWS\System32\msvcp_win.dll
0x00007fffeef70000 - 0x00007fffef066000 	C:\WINDOWS\System32\ucrtbase.dll
0x00007fffe3a00000 - 0x00007fffe3c69000 	C:\WINDOWS\WinSxS\amd64_microsoft.windows.common-controls_6595b64144ccf1df_6.0.16299.371_none_15c7d1789365a290\COMCTL32.dll
0x00007fffeec60000 - 0x00007fffeec6a000 	C:\WINDOWS\SYSTEM32\VERSION.dll
0x00007ffff0740000 - 0x00007ffff0a48000 	C:\WINDOWS\System32\combase.dll
0x00007fffefc50000 - 0x00007fffefcc2000 	C:\WINDOWS\System32\bcryptPrimitives.dll
0x00007ffff0f10000 - 0x00007ffff0f3d000 	C:\WINDOWS\System32\IMM32.DLL
0x00007fffeec70000 - 0x00007fffeeca6000 	C:\WINDOWS\system32\DriverStore\FileRepository\nvaci.inf_amd64_f658c3ebd2a88192\nvinitx.dll
0x00007ffff1270000 - 0x00007ffff26a6000 	C:\WINDOWS\System32\Shell32.dll
0x00007fffefc00000 - 0x00007fffefc4a000 	C:\WINDOWS\System32\cfgmgr32.dll
0x00007ffff0f80000 - 0x00007ffff1026000 	C:\WINDOWS\System32\shcore.dll
0x00007fffef2e0000 - 0x00007fffefa27000 	C:\WINDOWS\System32\windows.storage.dll
0x00007ffff0150000 - 0x00007ffff01a1000 	C:\WINDOWS\System32\shlwapi.dll
0x00007fffeeec0000 - 0x00007fffeeed1000 	C:\WINDOWS\System32\kernel.appcore.dll
0x00007fffeef00000 - 0x00007fffeef4c000 	C:\WINDOWS\System32\powrprof.dll
0x00007fffeeee0000 - 0x00007fffeeefb000 	C:\WINDOWS\System32\profapi.dll
0x0000000051880000 - 0x0000000051886000 	C:\Program Files\NVIDIA Corporation\CoProcManager\_etoured.dll
0x00007fffe7610000 - 0x00007fffe7653000 	C:\Program Files\NVIDIA Corporation\CoProcManager\nvd3d9wrapx.dll
0x00007ffff02e0000 - 0x00007ffff072e000 	C:\WINDOWS\System32\SETUPAPI.dll
0x00007fffe75d0000 - 0x00007fffe75fd000 	C:\Program Files\NVIDIA Corporation\CoProcManager\nvdxgiwrapx.dll
0x00007fffe2e40000 - 0x00007fffe2f2f000 	D:\Program Files\Java\jdk-10.0.1\bin\msvcr120.dll
0x00007fffbc700000 - 0x00007fffbc7a6000 	D:\Program Files\Java\jdk-10.0.1\bin\msvcp120.dll
0x00000000767f0000 - 0x0000000077260000 	D:\Program Files\Java\jdk-10.0.1\bin\server\jvm.dll
0x00007ffff0020000 - 0x00007ffff0028000 	C:\WINDOWS\System32\PSAPI.DLL
0x00007fffded30000 - 0x00007fffded39000 	C:\WINDOWS\SYSTEM32\WSOCK32.dll
0x00007ffff26b0000 - 0x00007ffff271c000 	C:\WINDOWS\System32\WS2_32.dll
0x00007fffeb760000 - 0x00007fffeb783000 	C:\WINDOWS\SYSTEM32\WINMM.dll
0x00007fffeb730000 - 0x00007fffeb75a000 	C:\WINDOWS\SYSTEM32\WINMMBASE.dll
0x00007fffebad0000 - 0x00007fffebadf000 	D:\Program Files\Java\jdk-10.0.1\bin\verify.dll
0x00007fffdb340000 - 0x00007fffdb508000 	C:\WINDOWS\SYSTEM32\DBGHELP.DLL
0x00007fffd50d0000 - 0x00007fffd50f9000 	C:\WINDOWS\SYSTEM32\dbgcore.DLL
0x00007fffe2fa0000 - 0x00007fffe2fc7000 	D:\Program Files\Java\jdk-10.0.1\bin\java.dll
0x00007fffe2f70000 - 0x00007fffe2f9a000 	D:\Program Files\Java\jdk-10.0.1\bin\instrument.dll
0x00007fffe2d70000 - 0x00007fffe2d86000 	D:\Program Files\Java\jdk-10.0.1\bin\zip.dll
0x00007fffebac0000 - 0x00007fffebaca000 	D:\Program Files\Java\jdk-10.0.1\bin\jimage.dll
0x00007fffe2d50000 - 0x00007fffe2d6a000 	D:\Program Files\Java\jdk-10.0.1\bin\net.dll
0x00007fffead60000 - 0x00007fffeae3e000 	C:\WINDOWS\SYSTEM32\WINHTTP.dll
0x00007fffee680000 - 0x00007fffee6e6000 	C:\WINDOWS\system32\mswsock.dll
0x00007fffd3db0000 - 0x00007fffd3dc1000 	D:\Program Files\Java\jdk-10.0.1\bin\nio.dll

dbghelp: loaded successfully - version: 4.0.5 - missing functions: none
symbol engine: initialized successfully - sym options: 0x614 - pdb path: .;D:\Program Files\Java\jdk-10.0.1\bin;C:\WINDOWS\SYSTEM32;C:\WINDOWS\WinSxS\amd64_microsoft.windows.common-controls_6595b64144ccf1df_6.0.16299.371_none_15c7d1789365a290;C:\WINDOWS\system32\DriverStore\FileRepository\nvaci.inf_amd64_f658c3ebd2a88192;C:\Program Files\NVIDIA Corporation\CoProcManager;D:\Program Files\Java\jdk-10.0.1\bin\server

VM Arguments:
jvm_args: -javaagent:D:\Program Files\JetBrains\IntelliJ IDEA 2018.1.1\lib\idea_rt.jar=3737:D:\Program Files\JetBrains\IntelliJ IDEA 2018.1.1\bin -Dfile.encoding=UTF-8 
java_command: Main
java_class_path (initial): D:\work\psgbd\lab6\java_serialization_sql\out\production\java_serialization_sql
Launcher Type: SUN_STANDARD

Logging:
Log output configuration:
#0: stdout all=warning uptime,level,tags
#1: stderr all=off uptime,level,tags

Environment Variables:
PATH=C:\Program Files (x86)\Common Files\Oracle\Java\javapath;C:\ProgramData\Oracle\Java\javapath;D:\oraclexe\app\oracle\product\11.2.0\server\bin;C:\Windows\System32;C:\Windows;C:\Windows\System32\wbem;C:\Windows\System32\WindowsPowerShell\v1.0\;C:\Program Files\Microsoft SQL Server\130\Tools\Binn\;C:\Android;C:\Windows\System32;C:\Program Files (x86)\Skype\Phone\;C:\Program Files (x86)\Windows Kits\8.1\Windows Performance Toolkit\;C:\Program Files\Microsoft SQL Server\120\Tools\Binn\;C:\Program Files (x86)\Microsoft Emulator Manager\1.0\;C:\Program Files\Git\cmd;C:\Program Files (x86)\NVIDIA Corporation\PhysX\Common;D:\Program Files\LLVM\bin;D:\MinGW\bin;C:\Users\sergiu\AppData\Local\Microsoft\WindowsApps;C:\Users\sergiu\AppData\Local\GitHubDesktop\bin;D:\Program Files\Microsoft VS Code\bin;C:\Users\sergiu\AppData\Local\Microsoft\WindowsApps;;C:\Program Files\Microsoft VS Code\bin
USERNAME=sergiu
OS=Windows_NT
PROCESSOR_IDENTIFIER=Intel64 Family 6 Model 42 Stepping 7, GenuineIntel



---------------  S Y S T E M  ---------------

OS: Windows 10 , 64 bit Build 16299 (10.0.16299.15)

CPU:total 4 (initial active 4) (2 cores per cpu, 2 threads per core) family 6 model 42 stepping 7, cmov, cx8, fxsr, mmx, sse, sse2, sse3, ssse3, sse4.1, sse4.2, popcnt, avx, aes, clmul, ht, tsc, tscinvbit

Memory: 4k page, physical 8236908k(1560492k free), swap 9285484k(5680k free)

vm_info: Java HotSpot(TM) 64-Bit Server VM (10.0.1+10) for windows-amd64 JRE (10.0.1+10), built on Mar 27 2018 02:27:48 by "mach5one" with MS VC++ 12.0 (VS2013)

END.
