d:\q_q\visual studio projects\introp_tema3\introp_tema3\debug\vc140.pdb
d:\q_q\visual studio projects\introp_tema3\introp_tema3\debug\vc140.idb
d:\q_q\visual studio projects\introp_tema3\introp_tema3\debug\main.obj
d:\q_q\visual studio projects\introp_tema3\introp_tema3\debug\t3.obj
d:\q_q\visual studio projects\introp_tema3\debug\introp_tema3.pdb
d:\q_q\visual studio projects\introp_tema3\introp_tema3\debug\introp_tema3.tlog\cl.command.1.tlog
d:\q_q\visual studio projects\introp_tema3\introp_tema3\debug\introp_tema3.tlog\cl.read.1.tlog
d:\q_q\visual studio projects\introp_tema3\introp_tema3\debug\introp_tema3.tlog\cl.write.1.tlog
d:\q_q\visual studio projects\introp_tema3\introp_tema3\debug\introp_tema3.tlog\link-cvtres.read.1.tlog
d:\q_q\visual studio projects\introp_tema3\introp_tema3\debug\introp_tema3.tlog\link-cvtres.write.1.tlog
d:\q_q\visual studio projects\introp_tema3\introp_tema3\debug\introp_tema3.tlog\link-rc.read.1.tlog
d:\q_q\visual studio projects\introp_tema3\introp_tema3\debug\introp_tema3.tlog\link-rc.write.1.tlog
d:\q_q\visual studio projects\introp_tema3\introp_tema3\debug\introp_tema3.tlog\link.3420-cvtres.read.1.tlog
d:\q_q\visual studio projects\introp_tema3\introp_tema3\debug\introp_tema3.tlog\link.3420-cvtres.write.1.tlog
d:\q_q\visual studio projects\introp_tema3\introp_tema3\debug\introp_tema3.tlog\link.3420-rc.read.1.tlog
d:\q_q\visual studio projects\introp_tema3\introp_tema3\debug\introp_tema3.tlog\link.3420-rc.write.1.tlog
d:\q_q\visual studio projects\introp_tema3\introp_tema3\debug\introp_tema3.tlog\link.3420.read.1.tlog
d:\q_q\visual studio projects\introp_tema3\introp_tema3\debug\introp_tema3.tlog\link.3420.write.1.tlog
d:\q_q\visual studio projects\introp_tema3\introp_tema3\debug\introp_tema3.tlog\link.command.1.tlog
d:\q_q\visual studio projects\introp_tema3\introp_tema3\debug\introp_tema3.tlog\link.read.1.tlog
d:\q_q\visual studio projects\introp_tema3\introp_tema3\debug\introp_tema3.tlog\link.write.1.tlog
