#
# There is insufficient memory for the Java Runtime Environment to continue.
# Native memory allocation (malloc) failed to allocate 787216 bytes for Chunk::new
# Possible reasons:
#   The system is out of physical RAM or swap space
#   The process is running with CompressedOops enabled, and the Java Heap may be blocking the growth of the native heap
# Possible solutions:
#   Reduce memory load on the system
#   Increase physical memory or swap space
#   Check if swap backing store is full
#   Decrease Java heap size (-Xmx/-Xms)
#   Decrease number of Java threads
#   Decrease Java thread stack sizes (-Xss)
#   Set larger code cache with -XX:ReservedCodeCacheSize=
#   JVM is running with Unscaled Compressed Oops mode in which the Java heap is
#     placed in the first 4GB address space. The Java Heap base address is the
#     maximum limit for the native heap growth. Please use -XX:HeapBaseMinAddress
#     to set the Java Heap base and to place the Java Heap above 4GB virtual address.
# This output file may be truncated or incomplete.
#
#  Out of Memory Error (t:/workspace/open/src/hotspot/share/memory/arena.cpp:198), pid=4360, tid=10140
#
# JRE version: Java(TM) SE Runtime Environment (10.0.1+10) (build 10.0.1+10)
# Java VM: Java HotSpot(TM) 64-Bit Server VM (10.0.1+10, mixed mode, tiered, compressed oops, g1 gc, windows-amd64)
# No core dump will be written. Minidumps are not enabled by default on client versions of Windows
#

---------------  S U M M A R Y ------------

Command Line: -javaagent:D:\Program Files\JetBrains\IntelliJ IDEA 2018.1.1\lib\idea_rt.jar=56817:D:\Program Files\JetBrains\IntelliJ IDEA 2018.1.1\bin -Dfile.encoding=UTF-8 Main

Host: Intel(R) Core(TM) i5-2430M CPU @ 2.40GHz, 4 cores, 7G,  Windows 10 , 64 bit Build 17134 (10.0.17134.1)
Time: Thu May 10 14:00:39 2018 GTB Standard Time elapsed time: 3 seconds (0d 0h 0m 3s)

---------------  T H R E A D  ---------------

Current thread (0x0000027445d70000):  JavaThread "C2 CompilerThread0" daemon [_thread_in_native, id=10140, stack(0x000000762d900000,0x000000762da00000)]


Current CompileTask:
C2:   3733 1740   !   4       java.util.zip.InflaterInputStream::read (138 bytes)

Stack: [0x000000762d900000,0x000000762da00000]
Native frames: (J=compiled Java code, j=interpreted, Vv=VM code, C=native code)
V  [jvm.dll+0x5a0369]
V  [jvm.dll+0x6bcf81]
V  [jvm.dll+0x6be176]
V  [jvm.dll+0x6be803]
V  [jvm.dll+0x234998]
V  [jvm.dll+0xbb92c]
V  [jvm.dll+0xbbe2c]
V  [jvm.dll+0x34bcf8]
V  [jvm.dll+0x310efa]
V  [jvm.dll+0x31048a]
V  [jvm.dll+0x1ffde1]
V  [jvm.dll+0x1ff066]
V  [jvm.dll+0x17ca6b]
V  [jvm.dll+0x20c81d]
V  [jvm.dll+0x20b5e6]
V  [jvm.dll+0x68bb6f]
V  [jvm.dll+0x59f680]
C  [msvcr120.dll+0x24f7f]
C  [msvcr120.dll+0x25126]
C  [KERNEL32.DLL+0x13034]
C  [ntdll.dll+0x71551]


---------------  P R O C E S S  ---------------

Threads class SMR info:
_java_thread_list=0x0000027447371020, length=16, elements={
0x00000274221ff000, 0x0000027442faa000, 0x0000027442fad800, 0x0000027445d6a800,
0x0000027445d6b000, 0x0000027445d70000, 0x0000027442fb5800, 0x0000027442fb7800,
0x0000027445d7c800, 0x0000027446357000, 0x0000027446465000, 0x0000027446451800,
0x00000274473eb000, 0x0000027447ae7000, 0x0000027447e1c800, 0x0000027447397000
}

Java Threads: ( => current thread )
  0x00000274221ff000 JavaThread "main" [_thread_in_Java, id=8132, stack(0x000000762c800000,0x000000762c900000)]
  0x0000027442faa000 JavaThread "Reference Handler" daemon [_thread_blocked, id=7832, stack(0x000000762d500000,0x000000762d600000)]
  0x0000027442fad800 JavaThread "Finalizer" daemon [_thread_blocked, id=15228, stack(0x000000762d600000,0x000000762d700000)]
  0x0000027445d6a800 JavaThread "Signal Dispatcher" daemon [_thread_blocked, id=14944, stack(0x000000762d700000,0x000000762d800000)]
  0x0000027445d6b000 JavaThread "Attach Listener" daemon [_thread_blocked, id=11836, stack(0x000000762d800000,0x000000762d900000)]
=>0x0000027445d70000 JavaThread "C2 CompilerThread0" daemon [_thread_in_native, id=10140, stack(0x000000762d900000,0x000000762da00000)]
  0x0000027442fb5800 JavaThread "C2 CompilerThread1" daemon [_thread_in_native, id=10480, stack(0x000000762da00000,0x000000762db00000)]
  0x0000027442fb7800 JavaThread "C1 CompilerThread2" daemon [_thread_in_vm, id=8052, stack(0x000000762db00000,0x000000762dc00000)]
  0x0000027445d7c800 JavaThread "Sweeper thread" daemon [_thread_blocked, id=11276, stack(0x000000762dc00000,0x000000762dd00000)]
  0x0000027446357000 JavaThread "Common-Cleaner" daemon [_thread_blocked, id=14328, stack(0x000000762dd00000,0x000000762de00000)]
  0x0000027446465000 JavaThread "Monitor Ctrl-Break" daemon [_thread_in_native, id=2348, stack(0x000000762de00000,0x000000762df00000)]
  0x0000027446451800 JavaThread "Service Thread" daemon [_thread_blocked, id=1268, stack(0x000000762df00000,0x000000762e000000)]
  0x00000274473eb000 JavaThread "Timer-0" daemon [_thread_blocked, id=14948, stack(0x000000762e100000,0x000000762e200000)]
  0x0000027447ae7000 JavaThread "oracle.jdbc.driver.BlockSource.ThreadedCachingBlockSource.BlockReleaser" daemon [_thread_blocked, id=11020, stack(0x000000762e200000,0x000000762e300000)]
  0x0000027447e1c800 JavaThread "InterruptTimer" daemon [_thread_blocked, id=14956, stack(0x000000762e300000,0x000000762e400000)]
  0x0000027447397000 JavaThread "pool-1-thread-1" [_thread_blocked, id=11516, stack(0x000000762e400000,0x000000762e500000)]

Other Threads:
  0x0000027442fa6800 VMThread "VM Thread" [stack: 0x000000762d400000,0x000000762d500000] [id=13308]
  0x0000027446393800 WatcherThread [stack: 0x000000762e000000,0x000000762e100000] [id=1444]
  0x0000027422219800 GCTaskThread "GC Thread#0" [stack: 0x000000762c900000,0x000000762ca00000] [id=12672]
  0x000002742221a800 GCTaskThread "GC Thread#1" [stack: 0x000000762ca00000,0x000000762cb00000] [id=10288]
  0x000002742221c000 GCTaskThread "GC Thread#2" [stack: 0x000000762cb00000,0x000000762cc00000] [id=2212]
  0x000002742221f000 GCTaskThread "GC Thread#3" [stack: 0x000000762cc00000,0x000000762cd00000] [id=2184]
  0x0000027422249000 ConcurrentGCThread "G1 Main Marker" [stack: 0x000000762cd00000,0x000000762ce00000] [id=12528]
  0x000002742224a000 ConcurrentGCThread "G1 Conc#0" [stack: 0x000000762ce00000,0x000000762cf00000] [id=10496]
  0x0000027442eb2800 ConcurrentGCThread "G1 Refine#0" [stack: 0x000000762cf00000,0x000000762d000000] [id=14140]
  0x0000027442eb3800 ConcurrentGCThread "G1 Refine#1" [stack: 0x000000762d000000,0x000000762d100000] [id=3540]
  0x0000027442eb9800 ConcurrentGCThread "G1 Refine#2" [stack: 0x000000762d100000,0x000000762d200000] [id=5788]
  0x0000027442ed0800 ConcurrentGCThread "G1 Refine#3" [stack: 0x000000762d200000,0x000000762d300000] [id=1216]
  0x0000027442ed3000 ConcurrentGCThread "G1 Young RemSet Sampling" [stack: 0x000000762d300000,0x000000762d400000] [id=9168]

Threads with active compile tasks:
C2 CompilerThread01740   !   4       java.util.zip.InflaterInputStream::read (138 bytes)
C2 CompilerThread11744   !   4       java.net.URL::<init> (543 bytes)

VM state:not at safepoint (normal execution)

VM Mutex/Monitor currently owned by a thread: None

Heap address: 0x0000000082400000, size: 2012 MB, Compressed Oops mode: 32-bit
Narrow klass base: 0x0000000000000000, Narrow klass shift: 3
Compressed class space size: 1073741824 Address: 0x0000000100000000

Heap:
 garbage-first heap   total 129024K, used 29285K [0x0000000082400000, 0x0000000100000000)
  region size 1024K, 25 young (25600K), 3 survivors (3072K)
 Metaspace       used 27773K, capacity 28205K, committed 28672K, reserved 1075200K
  class space    used 3098K, capacity 3264K, committed 3328K, reserved 1048576K
Heap Regions: E=young(eden), S=young(survivor), O=old, HS=humongous(starts), HC=humongous(continues), CS=collection set, F=free, A=archive, TS=gc time stamp, AC=allocation context, TAMS=top-at-mark-start (previous, next)
|   0|0x0000000082400000, 0x0000000082500000, 0x0000000082500000|100%| O|  |TS  0|AC  0|TAMS 0x0000000082500000, 0x0000000082500000|
|   1|0x0000000082500000, 0x0000000082600000, 0x0000000082600000|100%| O|  |TS  0|AC  0|TAMS 0x0000000082600000, 0x0000000082600000|
|   2|0x0000000082600000, 0x0000000082700000, 0x0000000082700000|100%| O|  |TS  0|AC  0|TAMS 0x0000000082700000, 0x0000000082700000|
|   3|0x0000000082700000, 0x0000000082800000, 0x0000000082800000|100%| O|  |TS  0|AC  0|TAMS 0x0000000082800000, 0x0000000082800000|
|   4|0x0000000082800000, 0x00000000828d4e00, 0x0000000082900000| 83%| O|  |TS  0|AC  0|TAMS 0x00000000828d4e00, 0x00000000828d4e00|
|   5|0x0000000082900000, 0x0000000082900000, 0x0000000082a00000|  0%| F|  |TS  0|AC  0|TAMS 0x0000000082900000, 0x0000000082900000|
|   6|0x0000000082a00000, 0x0000000082a00000, 0x0000000082b00000|  0%| F|  |TS  0|AC  0|TAMS 0x0000000082a00000, 0x0000000082a00000|
|   7|0x0000000082b00000, 0x0000000082b00000, 0x0000000082c00000|  0%| F|  |TS  0|AC  0|TAMS 0x0000000082b00000, 0x0000000082b00000|
|   8|0x0000000082c00000, 0x0000000082c00000, 0x0000000082d00000|  0%| F|  |TS  0|AC  0|TAMS 0x0000000082c00000, 0x0000000082c00000|
|   9|0x0000000082d00000, 0x0000000082d00000, 0x0000000082e00000|  0%| F|  |TS  0|AC  0|TAMS 0x0000000082d00000, 0x0000000082d00000|
|  10|0x0000000082e00000, 0x0000000082e00000, 0x0000000082f00000|  0%| F|  |TS  0|AC  0|TAMS 0x0000000082e00000, 0x0000000082e00000|
|  11|0x0000000082f00000, 0x0000000082f00000, 0x0000000083000000|  0%| F|  |TS  0|AC  0|TAMS 0x0000000082f00000, 0x0000000082f00000|
|  12|0x0000000083000000, 0x0000000083000000, 0x0000000083100000|  0%| F|  |TS  0|AC  0|TAMS 0x0000000083000000, 0x0000000083000000|
|  13|0x0000000083100000, 0x0000000083100000, 0x0000000083200000|  0%| F|  |TS  0|AC  0|TAMS 0x0000000083100000, 0x0000000083100000|
|  14|0x0000000083200000, 0x0000000083200000, 0x0000000083300000|  0%| F|  |TS  0|AC  0|TAMS 0x0000000083200000, 0x0000000083200000|
|  15|0x0000000083300000, 0x0000000083300000, 0x0000000083400000|  0%| F|  |TS  0|AC  0|TAMS 0x0000000083300000, 0x0000000083300000|
|  16|0x0000000083400000, 0x0000000083400000, 0x0000000083500000|  0%| F|  |TS  0|AC  0|TAMS 0x0000000083400000, 0x0000000083400000|
|  17|0x0000000083500000, 0x0000000083500000, 0x0000000083600000|  0%| F|  |TS  0|AC  0|TAMS 0x0000000083500000, 0x0000000083500000|
|  18|0x0000000083600000, 0x0000000083600000, 0x0000000083700000|  0%| F|  |TS  0|AC  0|TAMS 0x0000000083600000, 0x0000000083600000|
|  19|0x0000000083700000, 0x0000000083700000, 0x0000000083800000|  0%| F|  |TS  0|AC  0|TAMS 0x0000000083700000, 0x0000000083700000|
|  20|0x0000000083800000, 0x0000000083800000, 0x0000000083900000|  0%| F|  |TS  0|AC  0|TAMS 0x0000000083800000, 0x0000000083800000|
|  21|0x0000000083900000, 0x0000000083900000, 0x0000000083a00000|  0%| F|  |TS  0|AC  0|TAMS 0x0000000083900000, 0x0000000083900000|
|  22|0x0000000083a00000, 0x0000000083a00000, 0x0000000083b00000|  0%| F|  |TS  0|AC  0|TAMS 0x0000000083a00000, 0x0000000083a00000|
|  23|0x0000000083b00000, 0x0000000083b00000, 0x0000000083c00000|  0%| F|  |TS  0|AC  0|TAMS 0x0000000083b00000, 0x0000000083b00000|
|  24|0x0000000083c00000, 0x0000000083c00000, 0x0000000083d00000|  0%| F|  |TS  0|AC  0|TAMS 0x0000000083c00000, 0x0000000083c00000|
|  25|0x0000000083d00000, 0x0000000083d00000, 0x0000000083e00000|  0%| F|  |TS  0|AC  0|TAMS 0x0000000083d00000, 0x0000000083d00000|
|  26|0x0000000083e00000, 0x0000000083e00000, 0x0000000083f00000|  0%| F|  |TS  0|AC  0|TAMS 0x0000000083e00000, 0x0000000083e00000|
|  27|0x0000000083f00000, 0x0000000083f00000, 0x0000000084000000|  0%| F|  |TS  0|AC  0|TAMS 0x0000000083f00000, 0x0000000083f00000|
|  28|0x0000000084000000, 0x0000000084000000, 0x0000000084100000|  0%| F|  |TS  0|AC  0|TAMS 0x0000000084000000, 0x0000000084000000|
|  29|0x0000000084100000, 0x0000000084100000, 0x0000000084200000|  0%| F|  |TS  0|AC  0|TAMS 0x0000000084100000, 0x0000000084100000|
|  30|0x0000000084200000, 0x0000000084200000, 0x0000000084300000|  0%| F|  |TS  0|AC  0|TAMS 0x0000000084200000, 0x0000000084200000|
|  31|0x0000000084300000, 0x0000000084300000, 0x0000000084400000|  0%| F|  |TS  0|AC  0|TAMS 0x0000000084300000, 0x0000000084300000|
|  32|0x0000000084400000, 0x0000000084400000, 0x0000000084500000|  0%| F|  |TS  0|AC  0|TAMS 0x0000000084400000, 0x0000000084400000|
|  33|0x0000000084500000, 0x0000000084500000, 0x0000000084600000|  0%| F|  |TS  0|AC  0|TAMS 0x0000000084500000, 0x0000000084500000|
|  34|0x0000000084600000, 0x0000000084600000, 0x0000000084700000|  0%| F|  |TS  0|AC  0|TAMS 0x0000000084600000, 0x0000000084600000|
|  35|0x0000000084700000, 0x0000000084700000, 0x0000000084800000|  0%| F|  |TS  0|AC  0|TAMS 0x0000000084700000, 0x0000000084700000|
|  36|0x0000000084800000, 0x0000000084800000, 0x0000000084900000|  0%| F|  |TS  0|AC  0|TAMS 0x0000000084800000, 0x0000000084800000|
|  37|0x0000000084900000, 0x0000000084900000, 0x0000000084a00000|  0%| F|  |TS  0|AC  0|TAMS 0x0000000084900000, 0x0000000084900000|
|  38|0x0000000084a00000, 0x0000000084a00000, 0x0000000084b00000|  0%| F|  |TS  0|AC  0|TAMS 0x0000000084a00000, 0x0000000084a00000|
|  39|0x0000000084b00000, 0x0000000084b00000, 0x0000000084c00000|  0%| F|  |TS  0|AC  0|TAMS 0x0000000084b00000, 0x0000000084b00000|
|  40|0x0000000084c00000, 0x0000000084c00000, 0x0000000084d00000|  0%| F|  |TS  0|AC  0|TAMS 0x0000000084c00000, 0x0000000084c00000|
|  41|0x0000000084d00000, 0x0000000084d00000, 0x0000000084e00000|  0%| F|  |TS  0|AC  0|TAMS 0x0000000084d00000, 0x0000000084d00000|
|  42|0x0000000084e00000, 0x0000000084e00000, 0x0000000084f00000|  0%| F|  |TS  0|AC  0|TAMS 0x0000000084e00000, 0x0000000084e00000|
|  43|0x0000000084f00000, 0x0000000084f00000, 0x0000000085000000|  0%| F|  |TS  0|AC  0|TAMS 0x0000000084f00000, 0x0000000084f00000|
|  44|0x0000000085000000, 0x0000000085000000, 0x0000000085100000|  0%| F|  |TS  0|AC  0|TAMS 0x0000000085000000, 0x0000000085000000|
|  45|0x0000000085100000, 0x0000000085100000, 0x0000000085200000|  0%| F|  |TS  0|AC  0|TAMS 0x0000000085100000, 0x0000000085100000|
|  46|0x0000000085200000, 0x0000000085200000, 0x0000000085300000|  0%| F|  |TS  0|AC  0|TAMS 0x0000000085200000, 0x0000000085200000|
|  47|0x0000000085300000, 0x0000000085300000, 0x0000000085400000|  0%| F|  |TS  0|AC  0|TAMS 0x0000000085300000, 0x0000000085300000|
|  48|0x0000000085400000, 0x0000000085400000, 0x0000000085500000|  0%| F|  |TS  0|AC  0|TAMS 0x0000000085400000, 0x0000000085400000|
|  49|0x0000000085500000, 0x0000000085500000, 0x0000000085600000|  0%| F|  |TS  0|AC  0|TAMS 0x0000000085500000, 0x0000000085500000|
|  50|0x0000000085600000, 0x0000000085600000, 0x0000000085700000|  0%| F|  |TS  0|AC  0|TAMS 0x0000000085600000, 0x0000000085600000|
|  51|0x0000000085700000, 0x0000000085700000, 0x0000000085800000|  0%| F|  |TS  0|AC  0|TAMS 0x0000000085700000, 0x0000000085700000|
|  52|0x0000000085800000, 0x0000000085800000, 0x0000000085900000|  0%| F|  |TS  0|AC  0|TAMS 0x0000000085800000, 0x0000000085800000|
|  53|0x0000000085900000, 0x0000000085900000, 0x0000000085a00000|  0%| F|  |TS  0|AC  0|TAMS 0x0000000085900000, 0x0000000085900000|
|  54|0x0000000085a00000, 0x0000000085a00000, 0x0000000085b00000|  0%| F|  |TS  0|AC  0|TAMS 0x0000000085a00000, 0x0000000085a00000|
|  55|0x0000000085b00000, 0x0000000085b00000, 0x0000000085c00000|  0%| F|  |TS  0|AC  0|TAMS 0x0000000085b00000, 0x0000000085b00000|
|  56|0x0000000085c00000, 0x0000000085c00000, 0x0000000085d00000|  0%| F|  |TS  0|AC  0|TAMS 0x0000000085c00000, 0x0000000085c00000|
|  57|0x0000000085d00000, 0x0000000085d00000, 0x0000000085e00000|  0%| F|  |TS  0|AC  0|TAMS 0x0000000085d00000, 0x0000000085d00000|
|  58|0x0000000085e00000, 0x0000000085e00000, 0x0000000085f00000|  0%| F|  |TS  0|AC  0|TAMS 0x0000000085e00000, 0x0000000085e00000|
|  59|0x0000000085f00000, 0x0000000085f00000, 0x0000000086000000|  0%| F|  |TS  0|AC  0|TAMS 0x0000000085f00000, 0x0000000085f00000|
|  60|0x0000000086000000, 0x0000000086000000, 0x0000000086100000|  0%| F|  |TS  0|AC  0|TAMS 0x0000000086000000, 0x0000000086000000|
|  61|0x0000000086100000, 0x0000000086100000, 0x0000000086200000|  0%| F|  |TS  0|AC  0|TAMS 0x0000000086100000, 0x0000000086100000|
|  62|0x0000000086200000, 0x0000000086200000, 0x0000000086300000|  0%| F|  |TS  0|AC  0|TAMS 0x0000000086200000, 0x0000000086200000|
|  63|0x0000000086300000, 0x0000000086300000, 0x0000000086400000|  0%| F|  |TS  0|AC  0|TAMS 0x0000000086300000, 0x0000000086300000|
|  64|0x0000000086400000, 0x0000000086400000, 0x0000000086500000|  0%| F|  |TS  0|AC  0|TAMS 0x0000000086400000, 0x0000000086400000|
|  65|0x0000000086500000, 0x0000000086500000, 0x0000000086600000|  0%| F|  |TS  0|AC  0|TAMS 0x0000000086500000, 0x0000000086500000|
|  66|0x0000000086600000, 0x0000000086600000, 0x0000000086700000|  0%| F|  |TS  0|AC  0|TAMS 0x0000000086600000, 0x0000000086600000|
|  67|0x0000000086700000, 0x0000000086700000, 0x0000000086800000|  0%| F|  |TS  0|AC  0|TAMS 0x0000000086700000, 0x0000000086700000|
|  68|0x0000000086800000, 0x0000000086800000, 0x0000000086900000|  0%| F|  |TS  0|AC  0|TAMS 0x0000000086800000, 0x0000000086800000|
|  69|0x0000000086900000, 0x0000000086900000, 0x0000000086a00000|  0%| F|  |TS  0|AC  0|TAMS 0x0000000086900000, 0x0000000086900000|
|  70|0x0000000086a00000, 0x0000000086a00000, 0x0000000086b00000|  0%| F|  |TS  0|AC  0|TAMS 0x0000000086a00000, 0x0000000086a00000|
|  71|0x0000000086b00000, 0x0000000086b00000, 0x0000000086c00000|  0%| F|  |TS  0|AC  0|TAMS 0x0000000086b00000, 0x0000000086b00000|
|  72|0x0000000086c00000, 0x0000000086c00000, 0x0000000086d00000|  0%| F|  |TS  0|AC  0|TAMS 0x0000000086c00000, 0x0000000086c00000|
|  73|0x0000000086d00000, 0x0000000086d00000, 0x0000000086e00000|  0%| F|  |TS  0|AC  0|TAMS 0x0000000086d00000, 0x0000000086d00000|
|  74|0x0000000086e00000, 0x0000000086e00000, 0x0000000086f00000|  0%| F|  |TS  0|AC  0|TAMS 0x0000000086e00000, 0x0000000086e00000|
|  75|0x0000000086f00000, 0x0000000086f00000, 0x0000000087000000|  0%| F|  |TS  0|AC  0|TAMS 0x0000000086f00000, 0x0000000086f00000|
|  76|0x0000000087000000, 0x0000000087000000, 0x0000000087100000|  0%| F|  |TS  0|AC  0|TAMS 0x0000000087000000, 0x0000000087000000|
|  77|0x0000000087100000, 0x0000000087100000, 0x0000000087200000|  0%| F|  |TS  0|AC  0|TAMS 0x0000000087100000, 0x0000000087100000|
|  78|0x0000000087200000, 0x0000000087200000, 0x0000000087300000|  0%| F|  |TS  0|AC  0|TAMS 0x0000000087200000, 0x0000000087200000|
|  79|0x0000000087300000, 0x0000000087300000, 0x0000000087400000|  0%| F|  |TS  0|AC  0|TAMS 0x0000000087300000, 0x0000000087300000|
|  80|0x0000000087400000, 0x0000000087400000, 0x0000000087500000|  0%| F|  |TS  0|AC  0|TAMS 0x0000000087400000, 0x0000000087400000|
|  81|0x0000000087500000, 0x0000000087500000, 0x0000000087600000|  0%| F|  |TS  0|AC  0|TAMS 0x0000000087500000, 0x0000000087500000|
|  82|0x0000000087600000, 0x0000000087600000, 0x0000000087700000|  0%| F|  |TS  0|AC  0|TAMS 0x0000000087600000, 0x0000000087600000|
|  83|0x0000000087700000, 0x0000000087700000, 0x0000000087800000|  0%| F|  |TS  0|AC  0|TAMS 0x0000000087700000, 0x0000000087700000|
|  84|0x0000000087800000, 0x0000000087800000, 0x0000000087900000|  0%| F|  |TS  0|AC  0|TAMS 0x0000000087800000, 0x0000000087800000|
|  85|0x0000000087900000, 0x0000000087900000, 0x0000000087a00000|  0%| F|  |TS  0|AC  0|TAMS 0x0000000087900000, 0x0000000087900000|
|  86|0x0000000087a00000, 0x0000000087a00000, 0x0000000087b00000|  0%| F|  |TS  0|AC  0|TAMS 0x0000000087a00000, 0x0000000087a00000|
|  87|0x0000000087b00000, 0x0000000087b00000, 0x0000000087c00000|  0%| F|  |TS  0|AC  0|TAMS 0x0000000087b00000, 0x0000000087b00000|
|  88|0x0000000087c00000, 0x0000000087c00000, 0x0000000087d00000|  0%| F|  |TS  0|AC  0|TAMS 0x0000000087c00000, 0x0000000087c00000|
|  89|0x0000000087d00000, 0x0000000087d00000, 0x0000000087e00000|  0%| F|  |TS  0|AC  0|TAMS 0x0000000087d00000, 0x0000000087d00000|
|  90|0x0000000087e00000, 0x0000000087e00000, 0x0000000087f00000|  0%| F|  |TS  0|AC  0|TAMS 0x0000000087e00000, 0x0000000087e00000|
|  91|0x0000000087f00000, 0x0000000087f00000, 0x0000000088000000|  0%| F|  |TS  0|AC  0|TAMS 0x0000000087f00000, 0x0000000087f00000|
|  92|0x0000000088000000, 0x0000000088000000, 0x0000000088100000|  0%| F|  |TS  0|AC  0|TAMS 0x0000000088000000, 0x0000000088000000|
|  93|0x0000000088100000, 0x0000000088100000, 0x0000000088200000|  0%| F|  |TS  0|AC  0|TAMS 0x0000000088100000, 0x0000000088100000|
|  94|0x0000000088200000, 0x0000000088200000, 0x0000000088300000|  0%| F|  |TS  0|AC  0|TAMS 0x0000000088200000, 0x0000000088200000|
|  95|0x0000000088300000, 0x0000000088300000, 0x0000000088400000|  0%| F|  |TS  0|AC  0|TAMS 0x0000000088300000, 0x0000000088300000|
|  96|0x0000000088400000, 0x0000000088400000, 0x0000000088500000|  0%| F|  |TS  0|AC  0|TAMS 0x0000000088400000, 0x0000000088400000|
|  97|0x0000000088500000, 0x0000000088500000, 0x0000000088600000|  0%| F|  |TS  0|AC  0|TAMS 0x0000000088500000, 0x0000000088500000|
|  98|0x0000000088600000, 0x0000000088600000, 0x0000000088700000|  0%| F|  |TS  0|AC  0|TAMS 0x0000000088600000, 0x0000000088600000|
|  99|0x0000000088700000, 0x0000000088700000, 0x0000000088800000|  0%| F|  |TS  0|AC  0|TAMS 0x0000000088700000, 0x0000000088700000|
| 100|0x0000000088800000, 0x0000000088800000, 0x0000000088900000|  0%| F|  |TS  0|AC  0|TAMS 0x0000000088800000, 0x0000000088800000|
| 101|0x0000000088900000, 0x0000000088982010, 0x0000000088a00000| 50%| E|  |TS  0|AC  0|TAMS 0x0000000088900000, 0x0000000088900000|
| 102|0x0000000088a00000, 0x0000000088b00000, 0x0000000088b00000|100%| E|CS|TS  0|AC  0|TAMS 0x0000000088a00000, 0x0000000088a00000|
| 103|0x0000000088b00000, 0x0000000088c00000, 0x0000000088c00000|100%| E|CS|TS  0|AC  0|TAMS 0x0000000088b00000, 0x0000000088b00000|
| 104|0x0000000088c00000, 0x0000000088d00000, 0x0000000088d00000|100%| E|CS|TS  0|AC  0|TAMS 0x0000000088c00000, 0x0000000088c00000|
| 105|0x0000000088d00000, 0x0000000088e00000, 0x0000000088e00000|100%| E|CS|TS  0|AC  0|TAMS 0x0000000088d00000, 0x0000000088d00000|
| 106|0x0000000088e00000, 0x0000000088f00000, 0x0000000088f00000|100%| E|CS|TS  0|AC  0|TAMS 0x0000000088e00000, 0x0000000088e00000|
| 107|0x0000000088f00000, 0x0000000089000000, 0x0000000089000000|100%| E|CS|TS  0|AC  0|TAMS 0x0000000088f00000, 0x0000000088f00000|
| 108|0x0000000089000000, 0x0000000089100000, 0x0000000089100000|100%| E|CS|TS  0|AC  0|TAMS 0x0000000089000000, 0x0000000089000000|
| 109|0x0000000089100000, 0x0000000089200000, 0x0000000089200000|100%| E|CS|TS  0|AC  0|TAMS 0x0000000089100000, 0x0000000089100000|
| 110|0x0000000089200000, 0x0000000089300000, 0x0000000089300000|100%| E|CS|TS  0|AC  0|TAMS 0x0000000089200000, 0x0000000089200000|
| 111|0x0000000089300000, 0x0000000089400000, 0x0000000089400000|100%| E|CS|TS  0|AC  0|TAMS 0x0000000089300000, 0x0000000089300000|
| 112|0x0000000089400000, 0x0000000089500000, 0x0000000089500000|100%| E|CS|TS  0|AC  0|TAMS 0x0000000089400000, 0x0000000089400000|
| 113|0x0000000089500000, 0x0000000089600000, 0x0000000089600000|100%| E|CS|TS  0|AC  0|TAMS 0x0000000089500000, 0x0000000089500000|
| 114|0x0000000089600000, 0x00000000896c48c0, 0x0000000089700000| 76%| S|CS|TS  0|AC  0|TAMS 0x0000000089600000, 0x0000000089600000|
| 115|0x0000000089700000, 0x0000000089800000, 0x0000000089800000|100%| S|CS|TS  0|AC  0|TAMS 0x0000000089700000, 0x0000000089700000|
| 116|0x0000000089800000, 0x0000000089900000, 0x0000000089900000|100%| S|CS|TS  0|AC  0|TAMS 0x0000000089800000, 0x0000000089800000|
| 117|0x0000000089900000, 0x0000000089a00000, 0x0000000089a00000|100%| E|CS|TS  0|AC  0|TAMS 0x0000000089900000, 0x0000000089900000|
| 118|0x0000000089a00000, 0x0000000089b00000, 0x0000000089b00000|100%| E|CS|TS  0|AC  0|TAMS 0x0000000089a00000, 0x0000000089a00000|
| 119|0x0000000089b00000, 0x0000000089c00000, 0x0000000089c00000|100%| E|CS|TS  0|AC  0|TAMS 0x0000000089b00000, 0x0000000089b00000|
| 120|0x0000000089c00000, 0x0000000089d00000, 0x0000000089d00000|100%| E|CS|TS  0|AC  0|TAMS 0x0000000089c00000, 0x0000000089c00000|
| 121|0x0000000089d00000, 0x0000000089e00000, 0x0000000089e00000|100%| E|CS|TS  0|AC  0|TAMS 0x0000000089d00000, 0x0000000089d00000|
| 122|0x0000000089e00000, 0x0000000089f00000, 0x0000000089f00000|100%| E|CS|TS  0|AC  0|TAMS 0x0000000089e00000, 0x0000000089e00000|
| 123|0x0000000089f00000, 0x000000008a000000, 0x000000008a000000|100%| E|CS|TS  0|AC  0|TAMS 0x0000000089f00000, 0x0000000089f00000|
| 124|0x000000008a000000, 0x000000008a100000, 0x000000008a100000|100%| E|CS|TS  0|AC  0|TAMS 0x000000008a000000, 0x000000008a000000|
| 125|0x000000008a100000, 0x000000008a200000, 0x000000008a200000|100%| E|CS|TS  0|AC  0|TAMS 0x000000008a100000, 0x000000008a100000|

Card table byte_map: [0x000002743e700000,0x000002743eaf0000] byte_map_base: 0x000002743e2ee000

Marking Bits (Prev, Next): (CMBitMap*) 0x0000027442e46188, (CMBitMap*) 0x0000027442e46150
 Prev Bits: [0x0000027440e50000, 0x0000027442dc0000)
 Next Bits: [0x000002743eee0000, 0x0000027440e50000)

Polling page: 0x0000027421f70000

CodeHeap 'non-profiled nmethods': size=120064Kb used=692Kb max_used=692Kb free=119371Kb
 bounds [0x00000274367b0000, 0x0000027436a20000, 0x000002743dcf0000]
CodeHeap 'profiled nmethods': size=120000Kb used=3220Kb max_used=3220Kb free=116779Kb
 bounds [0x000002742f280000, 0x000002742f5b0000, 0x00000274367b0000]
CodeHeap 'non-nmethods': size=5696Kb used=1183Kb max_used=1183Kb free=4512Kb
 bounds [0x000002742ecf0000, 0x000002742ef60000, 0x000002742f280000]
 total_blobs=2665 nmethods=1747 adapters=446
 compilation: enabled

Compilation events (10 events):
Event: 3.702 Thread 0x0000027442fb7800 1731       3       java.io.ObjectStreamClass::forClass (52 bytes)
Event: 3.704 Thread 0x0000027442fb7800 nmethod 1731 0x000002742f59f590 code [0x000002742f59f900, 0x000002742f5a10a0]
Event: 3.704 Thread 0x0000027442fb7800 1741       3       java.io.ObjectInputStream$BlockDataInputStream::setBlockDataMode (74 bytes)
Event: 3.705 Thread 0x0000027442fb7800 nmethod 1741 0x000002742f5a1790 code [0x000002742f5a1960, 0x000002742f5a1cf0]
Event: 3.705 Thread 0x0000027442fb7800 1723       1       java.io.ObjectInputStream$BlockDataInputStream::getBlockDataMode (5 bytes)
Event: 3.705 Thread 0x0000027442fb7800 nmethod 1723 0x000002743685bd10 code [0x000002743685bec0, 0x000002743685bfd8]
Event: 3.705 Thread 0x0000027442fb7800 1724       1       java.io.ObjectStreamClass::getResolveException (5 bytes)
Event: 3.705 Thread 0x0000027442fb7800 nmethod 1724 0x000002743685c090 code [0x000002743685c240, 0x000002743685c358]
Event: 3.705 Thread 0x0000027442fb7800 1725       1       java.io.ObjectInputStream$HandleTable::size (5 bytes)
Event: 3.705 Thread 0x0000027442fb7800 nmethod 1725 0x000002743685c410 code [0x000002743685c5c0, 0x000002743685c6d8]

GC Heap History (8 events):
Event: 0.698 GC heap before
{Heap before GC invocations=0 (full 0):
 garbage-first heap   total 129024K, used 15360K [0x0000000082400000, 0x0000000100000000)
  region size 1024K, 14 young (14336K), 0 survivors (0K)
 Metaspace       used 6783K, capacity 6900K, committed 7040K, reserved 1056768K
  class space    used 561K, capacity 600K, committed 640K, reserved 1048576K
}
Event: 0.704 GC heap after
{Heap after GC invocations=1 (full 0):
 garbage-first heap   total 129024K, used 4899K [0x0000000082400000, 0x0000000100000000)
  region size 1024K, 2 young (2048K), 2 survivors (2048K)
 Metaspace       used 6783K, capacity 6900K, committed 7040K, reserved 1056768K
  class space    used 561K, capacity 600K, committed 640K, reserved 1048576K
}
Event: 0.711 GC heap before
{Heap before GC invocations=1 (full 0):
 garbage-first heap   total 129024K, used 17187K [0x0000000082400000, 0x0000000100000000)
  region size 1024K, 14 young (14336K), 2 survivors (2048K)
 Metaspace       used 6784K, capacity 6900K, committed 7040K, reserved 1056768K
  class space    used 561K, capacity 600K, committed 640K, reserved 1048576K
}
Event: 0.714 GC heap after
{Heap after GC invocations=2 (full 0):
 garbage-first heap   total 129024K, used 4991K [0x0000000082400000, 0x0000000100000000)
  region size 1024K, 1 young (1024K), 1 survivors (1024K)
 Metaspace       used 6784K, capacity 6900K, committed 7040K, reserved 1056768K
  class space    used 561K, capacity 600K, committed 640K, reserved 1048576K
}
Event: 1.991 GC heap before
{Heap before GC invocations=2 (full 0):
 garbage-first heap   total 129024K, used 35711K [0x0000000082400000, 0x0000000100000000)
  region size 1024K, 31 young (31744K), 1 survivors (1024K)
 Metaspace       used 17242K, capacity 17524K, committed 17792K, reserved 1064960K
  class space    used 1775K, capacity 1868K, committed 1920K, reserved 1048576K
}
Event: 1.996 GC heap after
{Heap after GC invocations=3 (full 0):
 garbage-first heap   total 129024K, used 6691K [0x0000000082400000, 0x0000000100000000)
  region size 1024K, 2 young (2048K), 2 survivors (2048K)
 Metaspace       used 17242K, capacity 17524K, committed 17792K, reserved 1064960K
  class space    used 1775K, capacity 1868K, committed 1920K, reserved 1048576K
}
Event: 2.578 GC heap before
{Heap before GC invocations=3 (full 0):
 garbage-first heap   total 129024K, used 14883K [0x0000000082400000, 0x0000000100000000)
  region size 1024K, 11 young (11264K), 2 survivors (2048K)
 Metaspace       used 20739K, capacity 21060K, committed 21296K, reserved 1069056K
  class space    used 2201K, capacity 2375K, committed 2432K, reserved 1048576K
}
Event: 2.584 GC heap after
{Heap after GC invocations=4 (full 0):
 garbage-first heap   total 129024K, used 7781K [0x0000000082400000, 0x0000000100000000)
  region size 1024K, 3 young (3072K), 3 survivors (3072K)
 Metaspace       used 20739K, capacity 21060K, committed 21296K, reserved 1069056K
  class space    used 2201K, capacity 2375K, committed 2432K, reserved 1048576K
}

Deoptimization events (10 events):
Event: 1.759 Thread 0x00000274221ff000 Uncommon trap: reason=unstable_if action=reinterpret pc=0x00000274367fe074 method=java.util.concurrent.ConcurrentHashMap.get(Ljava/lang/Object;)Ljava/lang/Object; @ 76 c2
Event: 1.970 Thread 0x00000274221ff000 Uncommon trap: reason=unstable_if action=reinterpret pc=0x000002743681b4fc method=java.util.HashMap.hash(Ljava/lang/Object;)I @ 1 c2
Event: 1.970 Thread 0x00000274221ff000 Uncommon trap: reason=unstable_if action=reinterpret pc=0x00000274367c0bac method=java.util.HashMap.hash(Ljava/lang/Object;)I @ 1 c2
Event: 2.337 Thread 0x00000274221ff000 Uncommon trap: reason=unstable_fused_if action=reinterpret pc=0x00000274367c250c method=java.util.HashMap.resize()[Ljava/util/HashMap$Node; @ 31 c2
Event: 2.346 Thread 0x00000274221ff000 Uncommon trap: reason=unstable_if action=reinterpret pc=0x000002743681cff4 method=java.util.HashMap.getNode(ILjava/lang/Object;)Ljava/util/HashMap$Node; @ 129 c2
Event: 2.814 Thread 0x00000274221ff000 Uncommon trap: reason=bimorphic_or_optimized_type_check action=maybe_recompile pc=0x0000027436813e48 method=java.util.regex.Pattern$BmpCharProperty.match(Ljava/util/regex/Matcher;ILjava/lang/CharSequence;)Z @ 36 c2
Event: 2.815 Thread 0x00000274221ff000 Uncommon trap: reason=bimorphic_or_optimized_type_check action=maybe_recompile pc=0x0000027436813fb4 method=java.util.regex.Pattern$GroupHead.match(Ljava/util/regex/Matcher;ILjava/lang/CharSequence;)Z @ 28 c2
Event: 2.815 Thread 0x00000274221ff000 Uncommon trap: reason=bimorphic_or_optimized_type_check action=maybe_recompile pc=0x0000027436813fb4 method=java.util.regex.Pattern$GroupHead.match(Ljava/util/regex/Matcher;ILjava/lang/CharSequence;)Z @ 28 c2
Event: 2.816 Thread 0x00000274221ff000 Uncommon trap: reason=unstable_if action=reinterpret pc=0x0000027436813d58 method=java.util.regex.Pattern$BmpCharProperty.match(Ljava/util/regex/Matcher;ILjava/lang/CharSequence;)Z @ 5 c2
Event: 3.136 Thread 0x00000274221ff000 Uncommon trap: reason=unstable_if action=reinterpret pc=0x00000274368363bc method=java.util.HashMap.putVal(ILjava/lang/Object;Ljava/lang/Object;ZZ)Ljava/lang/Object; @ 162 c2

Classes redefined (0 events):
No events

Internal exceptions (10 events):
Event: 2.282 Thread 0x00000274221ff000 Exception <a 'java/lang/NoSuchMethodError'{0x0000000089e80208}: java.lang.invoke.DirectMethodHandle$Holder.invokeStatic(Ljava/lang/Object;Ljava/lang/Object;Ljava/lang/Object;Ljava/lang/Object;Ljava/lang/Object;Ljava/lang/Object;Ljava/lang/Object;Ljava/lan
Event: 2.322 Thread 0x00000274221ff000 Exception <a 'java/lang/NoSuchMethodError'{0x0000000089d56930}: java.lang.invoke.DirectMethodHandle$Holder.invokeSpecial(Ljava/lang/Object;Ljava/lang/Object;Ljava/lang/Object;)I> (0x0000000089d56930) thrown at [t:/workspace/open/src/hotspot/share/interpre
Event: 2.326 Thread 0x00000274221ff000 Exception <a 'java/lang/NoSuchMethodError'{0x0000000089d61a28}: method resolution failed> (0x0000000089d61a28) thrown at [t:/workspace/open/src/hotspot/share/prims/methodHandles.cpp, line 1226]
Event: 2.380 Thread 0x00000274221ff000 Exception <a 'java/lang/NoSuchMethodError'{0x0000000089dea2b8}: java.lang.invoke.DirectMethodHandle$Holder.invokeStatic(Ljava/lang/Object;Ljava/lang/Object;Ljava/lang/Object;)V> (0x0000000089dea2b8) thrown at [t:/workspace/open/src/hotspot/share/interpret
Event: 2.827 Thread 0x00000274221ff000 Exception <a 'java/lang/NoSuchMethodError'{0x0000000089e7ae48}: java.lang.invoke.DirectMethodHandle$Holder.invokeStatic(Ljava/lang/Object;Ljava/lang/Object;Ljava/lang/Object;)I> (0x0000000089e7ae48) thrown at [t:/workspace/open/src/hotspot/share/interpret
Event: 3.207 Thread 0x00000274221ff000 Exception <a 'java/lang/NoSuchMethodError'{0x0000000089919e88}: java.lang.invoke.DirectMethodHandle$Holder.invokeStatic(Ljava/lang/Object;IIII)Ljava/lang/Object;> (0x0000000089919e88) thrown at [t:/workspace/open/src/hotspot/share/interpreter/linkResolver
Event: 3.207 Thread 0x00000274221ff000 Exception <a 'java/lang/NoSuchMethodError'{0x000000008991d2e8}: java.lang.invoke.DirectMethodHandle$Holder.invokeStaticInit(Ljava/lang/Object;IIII)Ljava/lang/Object;> (0x000000008991d2e8) thrown at [t:/workspace/open/src/hotspot/share/interpreter/linkReso
Event: 3.211 Thread 0x00000274221ff000 Exception <a 'sun/nio/fs/WindowsException'{0x0000000089923830}> (0x0000000089923830) thrown at [t:/workspace/open/src/hotspot/share/prims/jni.cpp, line 611]
Event: 3.669 Thread 0x00000274221ff000 Exception <a 'java/lang/NoSuchMethodError'{0x0000000088e4ece8}: java.lang.Object.lambda$union$1(Ljava/util/regex/Pattern$CharPredicate;I)Z> (0x0000000088e4ece8) thrown at [t:/workspace/open/src/hotspot/share/interpreter/linkResolver.cpp, line 741]
Event: 3.675 Thread 0x00000274221ff000 Exception <a 'java/lang/NoSuchMethodError'{0x0000000088e74a40}: method resolution failed> (0x0000000088e74a40) thrown at [t:/workspace/open/src/hotspot/share/prims/methodHandles.cpp, line 1226]

Events (10 events):
Event: 3.727 loading class oracle/sql/ROWID
Event: 3.727 loading class oracle/sql/ROWID done
Event: 3.727 loading class oracle/jdbc/internal/OracleRowId
Event: 3.727 loading class oracle/jdbc/internal/OracleRowId done
Event: 3.728 loading class oracle/jdbc/driver/AccessorPrototype
Event: 3.728 loading class oracle/jdbc/driver/AccessorPrototype done
Event: 3.728 loading class oracle/jdbc/driver/T4CVarcharAccessor$1
Event: 3.728 loading class oracle/jdbc/driver/T4CVarcharAccessor$1 done
Event: 3.729 loading class oracle/jdbc/driver/Representation
Event: 3.729 loading class oracle/jdbc/driver/Representation done


Dynamic libraries:
0x00007ff610ec0000 - 0x00007ff610efe000 	D:\Program Files\Java\jdk-10.0.1\bin\java.exe
0x00007ffc0eba0000 - 0x00007ffc0ed81000 	C:\WINDOWS\SYSTEM32\ntdll.dll
0x00007ffc0c7f0000 - 0x00007ffc0c8a2000 	C:\WINDOWS\System32\KERNEL32.DLL
0x00007ffc0aff0000 - 0x00007ffc0b263000 	C:\WINDOWS\System32\KERNELBASE.dll
0x00007ffc0ca40000 - 0x00007ffc0cae1000 	C:\WINDOWS\System32\ADVAPI32.dll
0x00007ffc0d050000 - 0x00007ffc0d0ee000 	C:\WINDOWS\System32\msvcrt.dll
0x00007ffc0e6c0000 - 0x00007ffc0e71b000 	C:\WINDOWS\System32\sechost.dll
0x00007ffc0c340000 - 0x00007ffc0c464000 	C:\WINDOWS\System32\RPCRT4.dll
0x00007ffc0c8b0000 - 0x00007ffc0ca40000 	C:\WINDOWS\System32\USER32.dll
0x00007ffc0afd0000 - 0x00007ffc0aff0000 	C:\WINDOWS\System32\win32u.dll
0x00007ffc0cc50000 - 0x00007ffc0cc78000 	C:\WINDOWS\System32\GDI32.dll
0x00007ffc0baf0000 - 0x00007ffc0bc82000 	C:\WINDOWS\System32\gdi32full.dll
0x00007ffc0b980000 - 0x00007ffc0ba1f000 	C:\WINDOWS\System32\msvcp_win.dll
0x00007ffc0bf30000 - 0x00007ffc0c02a000 	C:\WINDOWS\System32\ucrtbase.dll
0x00007ffbfdaa0000 - 0x00007ffbfdd09000 	C:\WINDOWS\WinSxS\amd64_microsoft.windows.common-controls_6595b64144ccf1df_6.0.17134.1_none_e4da93291059d8fb\COMCTL32.dll
0x00007ffc0abb0000 - 0x00007ffc0abba000 	C:\WINDOWS\SYSTEM32\VERSION.dll
0x00007ffc0cca0000 - 0x00007ffc0cfc3000 	C:\WINDOWS\System32\combase.dll
0x00007ffc0ba70000 - 0x00007ffc0baea000 	C:\WINDOWS\System32\bcryptPrimitives.dll
0x00007ffc0c1c0000 - 0x00007ffc0c1ed000 	C:\WINDOWS\System32\IMM32.DLL
0x00007ffc0abc0000 - 0x00007ffc0abf6000 	C:\WINDOWS\system32\DriverStore\FileRepository\nvaci.inf_amd64_f658c3ebd2a88192\nvinitx.dll
0x00007ffc0d280000 - 0x00007ffc0e6c0000 	C:\WINDOWS\System32\Shell32.dll
0x00007ffc0ba20000 - 0x00007ffc0ba69000 	C:\WINDOWS\System32\cfgmgr32.dll
0x00007ffc0d170000 - 0x00007ffc0d219000 	C:\WINDOWS\System32\shcore.dll
0x00007ffc0b270000 - 0x00007ffc0b97d000 	C:\WINDOWS\System32\windows.storage.dll
0x00007ffc0d220000 - 0x00007ffc0d271000 	C:\WINDOWS\System32\shlwapi.dll
0x00007ffc0af50000 - 0x00007ffc0af61000 	C:\WINDOWS\System32\kernel.appcore.dll
0x00007ffc0af30000 - 0x00007ffc0af4f000 	C:\WINDOWS\System32\profapi.dll
0x00007ffc0aed0000 - 0x00007ffc0af1c000 	C:\WINDOWS\System32\powrprof.dll
0x00007ffc0af20000 - 0x00007ffc0af2a000 	C:\WINDOWS\System32\FLTLIB.DLL
0x000000005a420000 - 0x000000005a426000 	C:\Program Files\NVIDIA Corporation\CoProcManager\_etoured.dll
0x00007ffbff160000 - 0x00007ffbff1a3000 	C:\Program Files\NVIDIA Corporation\CoProcManager\nvd3d9wrapx.dll
0x00007ffc0e720000 - 0x00007ffc0eb6b000 	C:\WINDOWS\System32\SETUPAPI.dll
0x00007ffbff130000 - 0x00007ffbff15d000 	C:\Program Files\NVIDIA Corporation\CoProcManager\nvdxgiwrapx.dll
0x00007ffbed9f0000 - 0x00007ffbedadf000 	D:\Program Files\Java\jdk-10.0.1\bin\msvcr120.dll
0x00007ffbfc810000 - 0x00007ffbfc8b6000 	D:\Program Files\Java\jdk-10.0.1\bin\msvcp120.dll
0x0000000057270000 - 0x0000000057ce0000 	D:\Program Files\Java\jdk-10.0.1\bin\server\jvm.dll
0x00007ffc0d040000 - 0x00007ffc0d048000 	C:\WINDOWS\System32\PSAPI.DLL
0x00007ffbf7800000 - 0x00007ffbf7809000 	C:\WINDOWS\SYSTEM32\WSOCK32.dll
0x00007ffc0cfd0000 - 0x00007ffc0d03c000 	C:\WINDOWS\System32\WS2_32.dll
0x00007ffc063b0000 - 0x00007ffc063d3000 	C:\WINDOWS\SYSTEM32\WINMM.dll
0x00007ffc06380000 - 0x00007ffc063aa000 	C:\WINDOWS\SYSTEM32\winmmbase.dll
0x00007ffc07d80000 - 0x00007ffc07d8f000 	D:\Program Files\Java\jdk-10.0.1\bin\verify.dll
0x00007ffbf2b40000 - 0x00007ffbf2d09000 	C:\WINDOWS\SYSTEM32\DBGHELP.DLL
0x00007ffbf1df0000 - 0x00007ffbf1e19000 	C:\WINDOWS\SYSTEM32\dbgcore.DLL
0x00007ffbfb7c0000 - 0x00007ffbfb7e7000 	D:\Program Files\Java\jdk-10.0.1\bin\java.dll
0x00007ffbeedc0000 - 0x00007ffbeedea000 	D:\Program Files\Java\jdk-10.0.1\bin\instrument.dll
0x00007ffc060c0000 - 0x00007ffc060d6000 	D:\Program Files\Java\jdk-10.0.1\bin\zip.dll
0x00007ffc07d60000 - 0x00007ffc07d6a000 	D:\Program Files\Java\jdk-10.0.1\bin\jimage.dll
0x00007ffc05230000 - 0x00007ffc0524a000 	D:\Program Files\Java\jdk-10.0.1\bin\net.dll
0x00007ffc07130000 - 0x00007ffc0720d000 	C:\WINDOWS\SYSTEM32\WINHTTP.dll
0x00007ffc0a630000 - 0x00007ffc0a696000 	C:\WINDOWS\system32\mswsock.dll
0x00007ffc003a0000 - 0x00007ffc003b1000 	D:\Program Files\Java\jdk-10.0.1\bin\nio.dll
0x00007ffbfb980000 - 0x00007ffbfb99a000 	D:\Program Files\JetBrains\IntelliJ IDEA 2018.1.1\bin\breakgen64.dll
0x00007ffc06e40000 - 0x00007ffc06e49000 	D:\Program Files\Java\jdk-10.0.1\bin\management.dll
0x00007ffc06240000 - 0x00007ffc0624a000 	D:\Program Files\Java\jdk-10.0.1\bin\management_ext.dll
0x00007ffc0a400000 - 0x00007ffc0a4be000 	C:\WINDOWS\SYSTEM32\DNSAPI.dll
0x00007ffc0d150000 - 0x00007ffc0d158000 	C:\WINDOWS\System32\NSI.dll
0x00007ffc0a3c0000 - 0x00007ffc0a3f8000 	C:\WINDOWS\SYSTEM32\IPHLPAPI.DLL
0x00007ffbfe5c0000 - 0x00007ffbfe5ca000 	C:\Windows\System32\rasadhlp.dll
0x00007ffc00030000 - 0x00007ffc000a2000 	C:\WINDOWS\System32\fwpuclnt.dll
0x00007ffc0ab80000 - 0x00007ffc0aba5000 	C:\WINDOWS\SYSTEM32\bcrypt.dll
0x00007ffbee3a0000 - 0x00007ffbee3c3000 	D:\Program Files\Java\jdk-10.0.1\bin\sunec.dll
0x00007ffbf27d0000 - 0x00007ffbf27e6000 	C:\WINDOWS\system32\napinsp.dll
0x00007ffbf2670000 - 0x00007ffbf268a000 	C:\WINDOWS\system32\pnrpnsp.dll
0x00007ffc07c50000 - 0x00007ffc07c69000 	C:\WINDOWS\system32\NLAapi.dll
0x00007ffbf3020000 - 0x00007ffbf302e000 	C:\WINDOWS\System32\winrnr.dll
0x00007ffc0ac00000 - 0x00007ffc0ac17000 	C:\WINDOWS\SYSTEM32\CRYPTSP.dll
0x00007ffc0a220000 - 0x00007ffc0a253000 	C:\WINDOWS\system32\rsaenh.dll
0x00007ffc0adb0000 - 0x00007ffc0add8000 	C:\WINDOWS\SYSTEM32\USERENV.dll
0x00007ffc0a790000 - 0x00007ffc0a79b000 	C:\WINDOWS\SYSTEM32\CRYPTBASE.dll
0x00007ffc05110000 - 0x00007ffc05126000 	C:\WINDOWS\SYSTEM32\dhcpcsvc6.DLL
0x00007ffc04570000 - 0x00007ffc0458a000 	C:\WINDOWS\SYSTEM32\dhcpcsvc.DLL

dbghelp: loaded successfully - version: 4.0.5 - missing functions: none
symbol engine: initialized successfully - sym options: 0x614 - pdb path: .;D:\Program Files\Java\jdk-10.0.1\bin;C:\WINDOWS\SYSTEM32;C:\WINDOWS\WinSxS\amd64_microsoft.windows.common-controls_6595b64144ccf1df_6.0.17134.1_none_e4da93291059d8fb;C:\WINDOWS\system32\DriverStore\FileRepository\nvaci.inf_amd64_f658c3ebd2a88192;C:\Program Files\NVIDIA Corporation\CoProcManager;D:\Program Files\Java\jdk-10.0.1\bin\server;D:\Program Files\JetBrains\IntelliJ IDEA 2018.1.1\bin

VM Arguments:
jvm_args: -javaagent:D:\Program Files\JetBrains\IntelliJ IDEA 2018.1.1\lib\idea_rt.jar=56817:D:\Program Files\JetBrains\IntelliJ IDEA 2018.1.1\bin -Dfile.encoding=UTF-8 
java_command: Main
java_class_path (initial): D:\work\java\lab10\target\classes;D:\work\java\lab10\lib\javax.ejb.jar;D:\work\java\lab10\lib\javax.annotation.jar;D:\work\java\lab10\lib\javax.jms.jar;D:\work\java\lab10\lib\javax.persistence.jar;D:\work\java\lab10\lib\javax.transaction.jar;D:\work\java\lab10\lib\javax.resource.jar;D:\work\java\lab10\lib\javax.servlet.jsp.jar;D:\work\java\lab10\lib\javax.servlet.jar;D:\work\java\lab10\lib\javax.servlet.jsp.jstl.jar;C:\Users\sergiu\.m2\repository\org\xerial\sqlite-jdbc\3.21.0.1\sqlite-jdbc-3.21.0.1.jar;C:\Users\sergiu\.m2\repository\com\github\javafaker\javafaker\0.15\javafaker-0.15.jar;C:\Users\sergiu\.m2\repository\org\apache\commons\commons-lang3\3.5\commons-lang3-3.5.jar;C:\Users\sergiu\.m2\repository\org\yaml\snakeyaml\1.20\snakeyaml-1.20-android.jar;C:\Users\sergiu\.m2\repository\com\github\mifmif\generex\1.0.2\generex-1.0.2.jar;C:\Users\sergiu\.m2\repository\dk\brics\automaton\automaton\1.11-8\automaton-1.11-8.jar;C:\Users\sergiu\.m2\repository\org\clojure\java.jdbc\0.7.5\java.jdbc-0.7.5.jar;C:\Users\sergiu\.m2\repository\org\clojure\clojure\1.7.0\clojure-1.7.0.jar;C:\Users\sergiu\.m2\repository\org\hibernate\hibernate-core\5.2.14.Final\hibernate-core-5.2.14.Final.jar;C:\Users\sergiu\.m2\repository\org\jboss\logging\jboss-logging\3.3.1.Final\jboss-logging-3.3.1.Final.jar;C:\Users\sergiu\.m2\repository\org\hibernate\javax\persistence\hibernate-jpa-2.1-api\1.0.0.Final\hibernate-jpa-2.1-api-1.0.0.Final.jar;C:\Users\sergiu\.m2\repository\org\javassist\javassist\3.22.0-GA\javassist-3.22.0-GA.jar;C:\Users\sergiu\.m2\repository\antlr\antlr\2.7.7\antlr-2.7.7.jar;C:\Users\sergiu\.m2\repository\org\jboss\spec\javax\transaction\jboss-transaction-api_1.2_spec\1.0.1.Final\jboss-transaction-api_1.2_spec-1.0.1.Final.jar;C:\Users\sergiu\.m2\repository\org\jboss\jandex\2.0.3.Final\jandex-2.0.3.Final.jar;C:\Users\sergiu\.m2\repository\com\fasterxml\classmate\1.3.0\classmate-1.3.0.jar;C:\Users\sergiu\.m2\repository\dom4j\dom4j\1.6.1\dom4j-1.6.1.jar;
Launcher Type: SUN_STANDARD

Logging:
Log output configuration:
#0: stdout all=warning uptime,level,tags
#1: stderr all=off uptime,level,tags

Environment Variables:
PATH=C:\Program Files (x86)\Common Files\Oracle\Java\javapath;C:\ProgramData\Oracle\Java\javapath;D:\oraclexe\app\oracle\product\11.2.0\server\bin;C:\Windows\System32;C:\Windows;C:\Windows\System32\wbem;C:\Windows\System32\WindowsPowerShell\v1.0\;C:\Program Files\Microsoft SQL Server\130\Tools\Binn\;C:\Program Files (x86)\Skype\Phone\;C:\Program Files\Microsoft SQL Server\120\Tools\Binn\;C:\Program Files\Git\cmd;C:\Program Files (x86)\NVIDIA Corporation\PhysX\Common;D:\Program Files\LLVM\bin;D:\MinGW\bin;C:\WINDOWS\system32;C:\WINDOWS;C:\WINDOWS\System32\Wbem;C:\WINDOWS\System32\WindowsPowerShell\v1.0\;C:\WINDOWS\System32\OpenSSH\;C:\Program Files\dotnet\;C:\Users\sergiu\AppData\Local\Microsoft\WindowsApps;C:\Users\sergiu\AppData\Local\GitHubDesktop\bin;D:\Program Files\Microsoft VS Code\bin;C:\Users\sergiu\AppData\Local\Microsoft\WindowsApps;C:\Program Files\Microsoft VS Code\bin;C:\php7;C:\instant_client_12_2;
USERNAME=sergiu
OS=Windows_NT
PROCESSOR_IDENTIFIER=Intel64 Family 6 Model 42 Stepping 7, GenuineIntel



---------------  S Y S T E M  ---------------

OS: Windows 10 , 64 bit Build 17134 (10.0.17134.1)

CPU:total 4 (initial active 4) (2 cores per cpu, 2 threads per core) family 6 model 42 stepping 7, cmov, cx8, fxsr, mmx, sse, sse2, sse3, ssse3, sse4.1, sse4.2, popcnt, avx, aes, clmul, ht, tsc, tscinvbit

Memory: 4k page, physical 8236908k(1890808k free), swap 9285484k(4992k free)

vm_info: Java HotSpot(TM) 64-Bit Server VM (10.0.1+10) for windows-amd64 JRE (10.0.1+10), built on Mar 27 2018 02:27:48 by "mach5one" with MS VC++ 12.0 (VS2013)

END.
