#
# There is insufficient memory for the Java Runtime Environment to continue.
# Native memory allocation (malloc) failed to allocate 32784 bytes for Chunk::new
# Possible reasons:
#   The system is out of physical RAM or swap space
#   The process is running with CompressedOops enabled, and the Java Heap may be blocking the growth of the native heap
# Possible solutions:
#   Reduce memory load on the system
#   Increase physical memory or swap space
#   Check if swap backing store is full
#   Decrease Java heap size (-Xmx/-Xms)
#   Decrease number of Java threads
#   Decrease Java thread stack sizes (-Xss)
#   Set larger code cache with -XX:ReservedCodeCacheSize=
#   JVM is running with Unscaled Compressed Oops mode in which the Java heap is
#     placed in the first 4GB address space. The Java Heap base address is the
#     maximum limit for the native heap growth. Please use -XX:HeapBaseMinAddress
#     to set the Java Heap base and to place the Java Heap above 4GB virtual address.
# This output file may be truncated or incomplete.
#
#  Out of Memory Error (t:/workspace/open/src/hotspot/share/memory/arena.cpp:198), pid=5232, tid=1044
#
# JRE version: Java(TM) SE Runtime Environment (10.0.1+10) (build 10.0.1+10)
# Java VM: Java HotSpot(TM) 64-Bit Server VM (10.0.1+10, mixed mode, tiered, compressed oops, g1 gc, windows-amd64)
# No core dump will be written. Minidumps are not enabled by default on client versions of Windows
#

---------------  S U M M A R Y ------------

Command Line: -javaagent:D:\Program Files\JetBrains\IntelliJ IDEA 2018.1.1\lib\idea_rt.jar=62258:D:\Program Files\JetBrains\IntelliJ IDEA 2018.1.1\bin -Dfile.encoding=UTF-8 Main

Host: Intel(R) Core(TM) i5-2430M CPU @ 2.40GHz, 4 cores, 7G,  Windows 10 , 64 bit Build 17134 (10.0.17134.1)
Time: Tue May 22 15:45:17 2018 GTB Standard Time elapsed time: 0 seconds (0d 0h 0m 0s)

---------------  T H R E A D  ---------------

Current thread (0x0000014ccc259800):  JavaThread "C2 CompilerThread0" daemon [_thread_in_native, id=1044, stack(0x00000001b8e00000,0x00000001b8f00000)]


Current CompileTask:
C2:    457  117       4       java.util.HashMap::putIfAbsent (13 bytes)

Stack: [0x00000001b8e00000,0x00000001b8f00000]
Native frames: (J=compiled Java code, j=interpreted, Vv=VM code, C=native code)
V  [jvm.dll+0x5a0369]
V  [jvm.dll+0x6bcf81]
V  [jvm.dll+0x6be176]
V  [jvm.dll+0x6be803]
V  [jvm.dll+0x234998]
V  [jvm.dll+0xbb92c]
V  [jvm.dll+0xbbe2c]
V  [jvm.dll+0xbba28]
V  [jvm.dll+0x5cda70]
V  [jvm.dll+0x6239ae]
V  [jvm.dll+0x622b63]
V  [jvm.dll+0x4cf862]
V  [jvm.dll+0x4bfe2c]
V  [jvm.dll+0x201357]
V  [jvm.dll+0x1feff1]
V  [jvm.dll+0x17ca6b]
V  [jvm.dll+0x20c81d]
V  [jvm.dll+0x20b5e6]
V  [jvm.dll+0x68bb6f]
V  [jvm.dll+0x59f680]
C  [msvcr120.dll+0x24f7f]
C  [msvcr120.dll+0x25126]
C  [KERNEL32.DLL+0x13034]
C  [ntdll.dll+0x71551]


---------------  P R O C E S S  ---------------

Threads class SMR info:
_java_thread_list=0x0000014ccc2546b0, length=9, elements={
0x0000014caa2cd800, 0x0000014ccc1fc800, 0x0000014ccc1ff800, 0x0000014ccc256800,
0x0000014ccc258800, 0x0000014ccc259800, 0x0000014ccc25c800, 0x0000014ccc2c5000,
0x0000014ccc2e2000
}

Java Threads: ( => current thread )
  0x0000014caa2cd800 JavaThread "main" [_thread_in_vm, id=13712, stack(0x00000001b7d00000,0x00000001b7e00000)]
  0x0000014ccc1fc800 JavaThread "Reference Handler" daemon [_thread_blocked, id=11240, stack(0x00000001b8a00000,0x00000001b8b00000)]
  0x0000014ccc1ff800 JavaThread "Finalizer" daemon [_thread_blocked, id=3884, stack(0x00000001b8b00000,0x00000001b8c00000)]
  0x0000014ccc256800 JavaThread "Signal Dispatcher" daemon [_thread_blocked, id=2420, stack(0x00000001b8c00000,0x00000001b8d00000)]
  0x0000014ccc258800 JavaThread "Attach Listener" daemon [_thread_blocked, id=3012, stack(0x00000001b8d00000,0x00000001b8e00000)]
=>0x0000014ccc259800 JavaThread "C2 CompilerThread0" daemon [_thread_in_native, id=1044, stack(0x00000001b8e00000,0x00000001b8f00000)]
  0x0000014ccc25c800 JavaThread "C2 CompilerThread1" daemon [_thread_in_native, id=8392, stack(0x00000001b8f00000,0x00000001b9000000)]
  0x0000014ccc2c5000 JavaThread "C1 CompilerThread2" daemon [_thread_in_vm, id=13936, stack(0x00000001b9000000,0x00000001b9100000)]
  0x0000014ccc2e2000 JavaThread "Sweeper thread" daemon [_thread_blocked, id=10108, stack(0x00000001b9100000,0x00000001b9200000)]

Other Threads:
  0x0000014ccc1fa000 VMThread "VM Thread" [stack: 0x00000001b8900000,0x00000001b8a00000] [id=12660]
  0x0000014caa2e5000 GCTaskThread "GC Thread#0" [stack: 0x00000001b7e00000,0x00000001b7f00000] [id=14668]
  0x0000014caa2e6000 GCTaskThread "GC Thread#1" [stack: 0x00000001b7f00000,0x00000001b8000000] [id=5380]
  0x0000014caa2e9800 GCTaskThread "GC Thread#2" [stack: 0x00000001b8000000,0x00000001b8100000] [id=7808]
  0x0000014caa2ea800 GCTaskThread "GC Thread#3" [stack: 0x00000001b8100000,0x00000001b8200000] [id=14552]
  0x0000014caa310800 ConcurrentGCThread "G1 Main Marker" [stack: 0x00000001b8200000,0x00000001b8300000] [id=14304]
  0x0000014caa311800 ConcurrentGCThread "G1 Conc#0" [stack: 0x00000001b8300000,0x00000001b8400000] [id=3356]
  0x0000014cc9139800 ConcurrentGCThread "G1 Refine#0" [stack: 0x00000001b8400000,0x00000001b8500000] [id=9880]
  0x0000014cc913d800 ConcurrentGCThread "G1 Refine#1" [stack: 0x00000001b8500000,0x00000001b8600000] [id=4124]
  0x0000014cc9146000 ConcurrentGCThread "G1 Refine#2" [stack: 0x00000001b8600000,0x00000001b8700000] [id=912]
  0x0000014cc9143000 ConcurrentGCThread "G1 Refine#3" [stack: 0x00000001b8700000,0x00000001b8800000] [id=11596]
  0x0000014cc914f800 ConcurrentGCThread "G1 Young RemSet Sampling" [stack: 0x00000001b8800000,0x00000001b8900000] [id=10620]

Threads with active compile tasks:
C2 CompilerThread0 117       4       java.util.HashMap::putIfAbsent (13 bytes)
C2 CompilerThread1 110       4       java.util.HashMap::putVal (300 bytes)
C1 CompilerThread2 121       3       java.util.concurrent.ConcurrentHashMap::addCount (289 bytes)

VM state:not at safepoint (normal execution)

VM Mutex/Monitor currently owned by a thread:  ([mutex/lock_event])
[0x0000014caa2c9780] CodeCache_lock - owner thread: 0x0000014caa2cd800
[0x0000014caa2c9c90] AdapterHandlerLibrary_lock - owner thread: 0x0000014caa2cd800
[0x0000014caa2c88e0] Compile_lock - owner thread: 0x0000014ccc2c5000
[0x0000014caa2c8bb0] MethodCompileQueue_lock - owner thread: 0x0000014ccc2c5000

Heap address: 0x0000000082400000, size: 2012 MB, Compressed Oops mode: 32-bit
Narrow klass base: 0x0000000000000000, Narrow klass shift: 3
Compressed class space size: 1073741824 Address: 0x0000000100000000

Heap:
 garbage-first heap   total 129024K, used 1024K [0x0000000082400000, 0x0000000100000000)
  region size 1024K, 2 young (2048K), 0 survivors (0K)
 Metaspace       used 3319K, capacity 3464K, committed 3712K, reserved 1060864K
  class space    used 269K, capacity 384K, committed 384K, reserved 1048576K
Heap Regions: E=young(eden), S=young(survivor), O=old, HS=humongous(starts), HC=humongous(continues), CS=collection set, F=free, A=archive, TS=gc time stamp, AC=allocation context, TAMS=top-at-mark-start (previous, next)
|   0|0x0000000082400000, 0x0000000082400000, 0x0000000082500000|  0%| F|  |TS  0|AC  0|TAMS 0x0000000082400000, 0x0000000082400000|
|   1|0x0000000082500000, 0x0000000082500000, 0x0000000082600000|  0%| F|  |TS  0|AC  0|TAMS 0x0000000082500000, 0x0000000082500000|
|   2|0x0000000082600000, 0x0000000082600000, 0x0000000082700000|  0%| F|  |TS  0|AC  0|TAMS 0x0000000082600000, 0x0000000082600000|
|   3|0x0000000082700000, 0x0000000082700000, 0x0000000082800000|  0%| F|  |TS  0|AC  0|TAMS 0x0000000082700000, 0x0000000082700000|
|   4|0x0000000082800000, 0x0000000082800000, 0x0000000082900000|  0%| F|  |TS  0|AC  0|TAMS 0x0000000082800000, 0x0000000082800000|
|   5|0x0000000082900000, 0x0000000082900000, 0x0000000082a00000|  0%| F|  |TS  0|AC  0|TAMS 0x0000000082900000, 0x0000000082900000|
|   6|0x0000000082a00000, 0x0000000082a00000, 0x0000000082b00000|  0%| F|  |TS  0|AC  0|TAMS 0x0000000082a00000, 0x0000000082a00000|
|   7|0x0000000082b00000, 0x0000000082b00000, 0x0000000082c00000|  0%| F|  |TS  0|AC  0|TAMS 0x0000000082b00000, 0x0000000082b00000|
|   8|0x0000000082c00000, 0x0000000082c00000, 0x0000000082d00000|  0%| F|  |TS  0|AC  0|TAMS 0x0000000082c00000, 0x0000000082c00000|
|   9|0x0000000082d00000, 0x0000000082d00000, 0x0000000082e00000|  0%| F|  |TS  0|AC  0|TAMS 0x0000000082d00000, 0x0000000082d00000|
|  10|0x0000000082e00000, 0x0000000082e00000, 0x0000000082f00000|  0%| F|  |TS  0|AC  0|TAMS 0x0000000082e00000, 0x0000000082e00000|
|  11|0x0000000082f00000, 0x0000000082f00000, 0x0000000083000000|  0%| F|  |TS  0|AC  0|TAMS 0x0000000082f00000, 0x0000000082f00000|
|  12|0x0000000083000000, 0x0000000083000000, 0x0000000083100000|  0%| F|  |TS  0|AC  0|TAMS 0x0000000083000000, 0x0000000083000000|
|  13|0x0000000083100000, 0x0000000083100000, 0x0000000083200000|  0%| F|  |TS  0|AC  0|TAMS 0x0000000083100000, 0x0000000083100000|
|  14|0x0000000083200000, 0x0000000083200000, 0x0000000083300000|  0%| F|  |TS  0|AC  0|TAMS 0x0000000083200000, 0x0000000083200000|
|  15|0x0000000083300000, 0x0000000083300000, 0x0000000083400000|  0%| F|  |TS  0|AC  0|TAMS 0x0000000083300000, 0x0000000083300000|
|  16|0x0000000083400000, 0x0000000083400000, 0x0000000083500000|  0%| F|  |TS  0|AC  0|TAMS 0x0000000083400000, 0x0000000083400000|
|  17|0x0000000083500000, 0x0000000083500000, 0x0000000083600000|  0%| F|  |TS  0|AC  0|TAMS 0x0000000083500000, 0x0000000083500000|
|  18|0x0000000083600000, 0x0000000083600000, 0x0000000083700000|  0%| F|  |TS  0|AC  0|TAMS 0x0000000083600000, 0x0000000083600000|
|  19|0x0000000083700000, 0x0000000083700000, 0x0000000083800000|  0%| F|  |TS  0|AC  0|TAMS 0x0000000083700000, 0x0000000083700000|
|  20|0x0000000083800000, 0x0000000083800000, 0x0000000083900000|  0%| F|  |TS  0|AC  0|TAMS 0x0000000083800000, 0x0000000083800000|
|  21|0x0000000083900000, 0x0000000083900000, 0x0000000083a00000|  0%| F|  |TS  0|AC  0|TAMS 0x0000000083900000, 0x0000000083900000|
|  22|0x0000000083a00000, 0x0000000083a00000, 0x0000000083b00000|  0%| F|  |TS  0|AC  0|TAMS 0x0000000083a00000, 0x0000000083a00000|
|  23|0x0000000083b00000, 0x0000000083b00000, 0x0000000083c00000|  0%| F|  |TS  0|AC  0|TAMS 0x0000000083b00000, 0x0000000083b00000|
|  24|0x0000000083c00000, 0x0000000083c00000, 0x0000000083d00000|  0%| F|  |TS  0|AC  0|TAMS 0x0000000083c00000, 0x0000000083c00000|
|  25|0x0000000083d00000, 0x0000000083d00000, 0x0000000083e00000|  0%| F|  |TS  0|AC  0|TAMS 0x0000000083d00000, 0x0000000083d00000|
|  26|0x0000000083e00000, 0x0000000083e00000, 0x0000000083f00000|  0%| F|  |TS  0|AC  0|TAMS 0x0000000083e00000, 0x0000000083e00000|
|  27|0x0000000083f00000, 0x0000000083f00000, 0x0000000084000000|  0%| F|  |TS  0|AC  0|TAMS 0x0000000083f00000, 0x0000000083f00000|
|  28|0x0000000084000000, 0x0000000084000000, 0x0000000084100000|  0%| F|  |TS  0|AC  0|TAMS 0x0000000084000000, 0x0000000084000000|
|  29|0x0000000084100000, 0x0000000084100000, 0x0000000084200000|  0%| F|  |TS  0|AC  0|TAMS 0x0000000084100000, 0x0000000084100000|
|  30|0x0000000084200000, 0x0000000084200000, 0x0000000084300000|  0%| F|  |TS  0|AC  0|TAMS 0x0000000084200000, 0x0000000084200000|
|  31|0x0000000084300000, 0x0000000084300000, 0x0000000084400000|  0%| F|  |TS  0|AC  0|TAMS 0x0000000084300000, 0x0000000084300000|
|  32|0x0000000084400000, 0x0000000084400000, 0x0000000084500000|  0%| F|  |TS  0|AC  0|TAMS 0x0000000084400000, 0x0000000084400000|
|  33|0x0000000084500000, 0x0000000084500000, 0x0000000084600000|  0%| F|  |TS  0|AC  0|TAMS 0x0000000084500000, 0x0000000084500000|
|  34|0x0000000084600000, 0x0000000084600000, 0x0000000084700000|  0%| F|  |TS  0|AC  0|TAMS 0x0000000084600000, 0x0000000084600000|
|  35|0x0000000084700000, 0x0000000084700000, 0x0000000084800000|  0%| F|  |TS  0|AC  0|TAMS 0x0000000084700000, 0x0000000084700000|
|  36|0x0000000084800000, 0x0000000084800000, 0x0000000084900000|  0%| F|  |TS  0|AC  0|TAMS 0x0000000084800000, 0x0000000084800000|
|  37|0x0000000084900000, 0x0000000084900000, 0x0000000084a00000|  0%| F|  |TS  0|AC  0|TAMS 0x0000000084900000, 0x0000000084900000|
|  38|0x0000000084a00000, 0x0000000084a00000, 0x0000000084b00000|  0%| F|  |TS  0|AC  0|TAMS 0x0000000084a00000, 0x0000000084a00000|
|  39|0x0000000084b00000, 0x0000000084b00000, 0x0000000084c00000|  0%| F|  |TS  0|AC  0|TAMS 0x0000000084b00000, 0x0000000084b00000|
|  40|0x0000000084c00000, 0x0000000084c00000, 0x0000000084d00000|  0%| F|  |TS  0|AC  0|TAMS 0x0000000084c00000, 0x0000000084c00000|
|  41|0x0000000084d00000, 0x0000000084d00000, 0x0000000084e00000|  0%| F|  |TS  0|AC  0|TAMS 0x0000000084d00000, 0x0000000084d00000|
|  42|0x0000000084e00000, 0x0000000084e00000, 0x0000000084f00000|  0%| F|  |TS  0|AC  0|TAMS 0x0000000084e00000, 0x0000000084e00000|
|  43|0x0000000084f00000, 0x0000000084f00000, 0x0000000085000000|  0%| F|  |TS  0|AC  0|TAMS 0x0000000084f00000, 0x0000000084f00000|
|  44|0x0000000085000000, 0x0000000085000000, 0x0000000085100000|  0%| F|  |TS  0|AC  0|TAMS 0x0000000085000000, 0x0000000085000000|
|  45|0x0000000085100000, 0x0000000085100000, 0x0000000085200000|  0%| F|  |TS  0|AC  0|TAMS 0x0000000085100000, 0x0000000085100000|
|  46|0x0000000085200000, 0x0000000085200000, 0x0000000085300000|  0%| F|  |TS  0|AC  0|TAMS 0x0000000085200000, 0x0000000085200000|
|  47|0x0000000085300000, 0x0000000085300000, 0x0000000085400000|  0%| F|  |TS  0|AC  0|TAMS 0x0000000085300000, 0x0000000085300000|
|  48|0x0000000085400000, 0x0000000085400000, 0x0000000085500000|  0%| F|  |TS  0|AC  0|TAMS 0x0000000085400000, 0x0000000085400000|
|  49|0x0000000085500000, 0x0000000085500000, 0x0000000085600000|  0%| F|  |TS  0|AC  0|TAMS 0x0000000085500000, 0x0000000085500000|
|  50|0x0000000085600000, 0x0000000085600000, 0x0000000085700000|  0%| F|  |TS  0|AC  0|TAMS 0x0000000085600000, 0x0000000085600000|
|  51|0x0000000085700000, 0x0000000085700000, 0x0000000085800000|  0%| F|  |TS  0|AC  0|TAMS 0x0000000085700000, 0x0000000085700000|
|  52|0x0000000085800000, 0x0000000085800000, 0x0000000085900000|  0%| F|  |TS  0|AC  0|TAMS 0x0000000085800000, 0x0000000085800000|
|  53|0x0000000085900000, 0x0000000085900000, 0x0000000085a00000|  0%| F|  |TS  0|AC  0|TAMS 0x0000000085900000, 0x0000000085900000|
|  54|0x0000000085a00000, 0x0000000085a00000, 0x0000000085b00000|  0%| F|  |TS  0|AC  0|TAMS 0x0000000085a00000, 0x0000000085a00000|
|  55|0x0000000085b00000, 0x0000000085b00000, 0x0000000085c00000|  0%| F|  |TS  0|AC  0|TAMS 0x0000000085b00000, 0x0000000085b00000|
|  56|0x0000000085c00000, 0x0000000085c00000, 0x0000000085d00000|  0%| F|  |TS  0|AC  0|TAMS 0x0000000085c00000, 0x0000000085c00000|
|  57|0x0000000085d00000, 0x0000000085d00000, 0x0000000085e00000|  0%| F|  |TS  0|AC  0|TAMS 0x0000000085d00000, 0x0000000085d00000|
|  58|0x0000000085e00000, 0x0000000085e00000, 0x0000000085f00000|  0%| F|  |TS  0|AC  0|TAMS 0x0000000085e00000, 0x0000000085e00000|
|  59|0x0000000085f00000, 0x0000000085f00000, 0x0000000086000000|  0%| F|  |TS  0|AC  0|TAMS 0x0000000085f00000, 0x0000000085f00000|
|  60|0x0000000086000000, 0x0000000086000000, 0x0000000086100000|  0%| F|  |TS  0|AC  0|TAMS 0x0000000086000000, 0x0000000086000000|
|  61|0x0000000086100000, 0x0000000086100000, 0x0000000086200000|  0%| F|  |TS  0|AC  0|TAMS 0x0000000086100000, 0x0000000086100000|
|  62|0x0000000086200000, 0x0000000086200000, 0x0000000086300000|  0%| F|  |TS  0|AC  0|TAMS 0x0000000086200000, 0x0000000086200000|
|  63|0x0000000086300000, 0x0000000086300000, 0x0000000086400000|  0%| F|  |TS  0|AC  0|TAMS 0x0000000086300000, 0x0000000086300000|
|  64|0x0000000086400000, 0x0000000086400000, 0x0000000086500000|  0%| F|  |TS  0|AC  0|TAMS 0x0000000086400000, 0x0000000086400000|
|  65|0x0000000086500000, 0x0000000086500000, 0x0000000086600000|  0%| F|  |TS  0|AC  0|TAMS 0x0000000086500000, 0x0000000086500000|
|  66|0x0000000086600000, 0x0000000086600000, 0x0000000086700000|  0%| F|  |TS  0|AC  0|TAMS 0x0000000086600000, 0x0000000086600000|
|  67|0x0000000086700000, 0x0000000086700000, 0x0000000086800000|  0%| F|  |TS  0|AC  0|TAMS 0x0000000086700000, 0x0000000086700000|
|  68|0x0000000086800000, 0x0000000086800000, 0x0000000086900000|  0%| F|  |TS  0|AC  0|TAMS 0x0000000086800000, 0x0000000086800000|
|  69|0x0000000086900000, 0x0000000086900000, 0x0000000086a00000|  0%| F|  |TS  0|AC  0|TAMS 0x0000000086900000, 0x0000000086900000|
|  70|0x0000000086a00000, 0x0000000086a00000, 0x0000000086b00000|  0%| F|  |TS  0|AC  0|TAMS 0x0000000086a00000, 0x0000000086a00000|
|  71|0x0000000086b00000, 0x0000000086b00000, 0x0000000086c00000|  0%| F|  |TS  0|AC  0|TAMS 0x0000000086b00000, 0x0000000086b00000|
|  72|0x0000000086c00000, 0x0000000086c00000, 0x0000000086d00000|  0%| F|  |TS  0|AC  0|TAMS 0x0000000086c00000, 0x0000000086c00000|
|  73|0x0000000086d00000, 0x0000000086d00000, 0x0000000086e00000|  0%| F|  |TS  0|AC  0|TAMS 0x0000000086d00000, 0x0000000086d00000|
|  74|0x0000000086e00000, 0x0000000086e00000, 0x0000000086f00000|  0%| F|  |TS  0|AC  0|TAMS 0x0000000086e00000, 0x0000000086e00000|
|  75|0x0000000086f00000, 0x0000000086f00000, 0x0000000087000000|  0%| F|  |TS  0|AC  0|TAMS 0x0000000086f00000, 0x0000000086f00000|
|  76|0x0000000087000000, 0x0000000087000000, 0x0000000087100000|  0%| F|  |TS  0|AC  0|TAMS 0x0000000087000000, 0x0000000087000000|
|  77|0x0000000087100000, 0x0000000087100000, 0x0000000087200000|  0%| F|  |TS  0|AC  0|TAMS 0x0000000087100000, 0x0000000087100000|
|  78|0x0000000087200000, 0x0000000087200000, 0x0000000087300000|  0%| F|  |TS  0|AC  0|TAMS 0x0000000087200000, 0x0000000087200000|
|  79|0x0000000087300000, 0x0000000087300000, 0x0000000087400000|  0%| F|  |TS  0|AC  0|TAMS 0x0000000087300000, 0x0000000087300000|
|  80|0x0000000087400000, 0x0000000087400000, 0x0000000087500000|  0%| F|  |TS  0|AC  0|TAMS 0x0000000087400000, 0x0000000087400000|
|  81|0x0000000087500000, 0x0000000087500000, 0x0000000087600000|  0%| F|  |TS  0|AC  0|TAMS 0x0000000087500000, 0x0000000087500000|
|  82|0x0000000087600000, 0x0000000087600000, 0x0000000087700000|  0%| F|  |TS  0|AC  0|TAMS 0x0000000087600000, 0x0000000087600000|
|  83|0x0000000087700000, 0x0000000087700000, 0x0000000087800000|  0%| F|  |TS  0|AC  0|TAMS 0x0000000087700000, 0x0000000087700000|
|  84|0x0000000087800000, 0x0000000087800000, 0x0000000087900000|  0%| F|  |TS  0|AC  0|TAMS 0x0000000087800000, 0x0000000087800000|
|  85|0x0000000087900000, 0x0000000087900000, 0x0000000087a00000|  0%| F|  |TS  0|AC  0|TAMS 0x0000000087900000, 0x0000000087900000|
|  86|0x0000000087a00000, 0x0000000087a00000, 0x0000000087b00000|  0%| F|  |TS  0|AC  0|TAMS 0x0000000087a00000, 0x0000000087a00000|
|  87|0x0000000087b00000, 0x0000000087b00000, 0x0000000087c00000|  0%| F|  |TS  0|AC  0|TAMS 0x0000000087b00000, 0x0000000087b00000|
|  88|0x0000000087c00000, 0x0000000087c00000, 0x0000000087d00000|  0%| F|  |TS  0|AC  0|TAMS 0x0000000087c00000, 0x0000000087c00000|
|  89|0x0000000087d00000, 0x0000000087d00000, 0x0000000087e00000|  0%| F|  |TS  0|AC  0|TAMS 0x0000000087d00000, 0x0000000087d00000|
|  90|0x0000000087e00000, 0x0000000087e00000, 0x0000000087f00000|  0%| F|  |TS  0|AC  0|TAMS 0x0000000087e00000, 0x0000000087e00000|
|  91|0x0000000087f00000, 0x0000000087f00000, 0x0000000088000000|  0%| F|  |TS  0|AC  0|TAMS 0x0000000087f00000, 0x0000000087f00000|
|  92|0x0000000088000000, 0x0000000088000000, 0x0000000088100000|  0%| F|  |TS  0|AC  0|TAMS 0x0000000088000000, 0x0000000088000000|
|  93|0x0000000088100000, 0x0000000088100000, 0x0000000088200000|  0%| F|  |TS  0|AC  0|TAMS 0x0000000088100000, 0x0000000088100000|
|  94|0x0000000088200000, 0x0000000088200000, 0x0000000088300000|  0%| F|  |TS  0|AC  0|TAMS 0x0000000088200000, 0x0000000088200000|
|  95|0x0000000088300000, 0x0000000088300000, 0x0000000088400000|  0%| F|  |TS  0|AC  0|TAMS 0x0000000088300000, 0x0000000088300000|
|  96|0x0000000088400000, 0x0000000088400000, 0x0000000088500000|  0%| F|  |TS  0|AC  0|TAMS 0x0000000088400000, 0x0000000088400000|
|  97|0x0000000088500000, 0x0000000088500000, 0x0000000088600000|  0%| F|  |TS  0|AC  0|TAMS 0x0000000088500000, 0x0000000088500000|
|  98|0x0000000088600000, 0x0000000088600000, 0x0000000088700000|  0%| F|  |TS  0|AC  0|TAMS 0x0000000088600000, 0x0000000088600000|
|  99|0x0000000088700000, 0x0000000088700000, 0x0000000088800000|  0%| F|  |TS  0|AC  0|TAMS 0x0000000088700000, 0x0000000088700000|
| 100|0x0000000088800000, 0x0000000088800000, 0x0000000088900000|  0%| F|  |TS  0|AC  0|TAMS 0x0000000088800000, 0x0000000088800000|
| 101|0x0000000088900000, 0x0000000088900000, 0x0000000088a00000|  0%| F|  |TS  0|AC  0|TAMS 0x0000000088900000, 0x0000000088900000|
| 102|0x0000000088a00000, 0x0000000088a00000, 0x0000000088b00000|  0%| F|  |TS  0|AC  0|TAMS 0x0000000088a00000, 0x0000000088a00000|
| 103|0x0000000088b00000, 0x0000000088b00000, 0x0000000088c00000|  0%| F|  |TS  0|AC  0|TAMS 0x0000000088b00000, 0x0000000088b00000|
| 104|0x0000000088c00000, 0x0000000088c00000, 0x0000000088d00000|  0%| F|  |TS  0|AC  0|TAMS 0x0000000088c00000, 0x0000000088c00000|
| 105|0x0000000088d00000, 0x0000000088d00000, 0x0000000088e00000|  0%| F|  |TS  0|AC  0|TAMS 0x0000000088d00000, 0x0000000088d00000|
| 106|0x0000000088e00000, 0x0000000088e00000, 0x0000000088f00000|  0%| F|  |TS  0|AC  0|TAMS 0x0000000088e00000, 0x0000000088e00000|
| 107|0x0000000088f00000, 0x0000000088f00000, 0x0000000089000000|  0%| F|  |TS  0|AC  0|TAMS 0x0000000088f00000, 0x0000000088f00000|
| 108|0x0000000089000000, 0x0000000089000000, 0x0000000089100000|  0%| F|  |TS  0|AC  0|TAMS 0x0000000089000000, 0x0000000089000000|
| 109|0x0000000089100000, 0x0000000089100000, 0x0000000089200000|  0%| F|  |TS  0|AC  0|TAMS 0x0000000089100000, 0x0000000089100000|
| 110|0x0000000089200000, 0x0000000089200000, 0x0000000089300000|  0%| F|  |TS  0|AC  0|TAMS 0x0000000089200000, 0x0000000089200000|
| 111|0x0000000089300000, 0x0000000089300000, 0x0000000089400000|  0%| F|  |TS  0|AC  0|TAMS 0x0000000089300000, 0x0000000089300000|
| 112|0x0000000089400000, 0x0000000089400000, 0x0000000089500000|  0%| F|  |TS  0|AC  0|TAMS 0x0000000089400000, 0x0000000089400000|
| 113|0x0000000089500000, 0x0000000089500000, 0x0000000089600000|  0%| F|  |TS  0|AC  0|TAMS 0x0000000089500000, 0x0000000089500000|
| 114|0x0000000089600000, 0x0000000089600000, 0x0000000089700000|  0%| F|  |TS  0|AC  0|TAMS 0x0000000089600000, 0x0000000089600000|
| 115|0x0000000089700000, 0x0000000089700000, 0x0000000089800000|  0%| F|  |TS  0|AC  0|TAMS 0x0000000089700000, 0x0000000089700000|
| 116|0x0000000089800000, 0x0000000089800000, 0x0000000089900000|  0%| F|  |TS  0|AC  0|TAMS 0x0000000089800000, 0x0000000089800000|
| 117|0x0000000089900000, 0x0000000089900000, 0x0000000089a00000|  0%| F|  |TS  0|AC  0|TAMS 0x0000000089900000, 0x0000000089900000|
| 118|0x0000000089a00000, 0x0000000089a00000, 0x0000000089b00000|  0%| F|  |TS  0|AC  0|TAMS 0x0000000089a00000, 0x0000000089a00000|
| 119|0x0000000089b00000, 0x0000000089b00000, 0x0000000089c00000|  0%| F|  |TS  0|AC  0|TAMS 0x0000000089b00000, 0x0000000089b00000|
| 120|0x0000000089c00000, 0x0000000089c00000, 0x0000000089d00000|  0%| F|  |TS  0|AC  0|TAMS 0x0000000089c00000, 0x0000000089c00000|
| 121|0x0000000089d00000, 0x0000000089d00000, 0x0000000089e00000|  0%| F|  |TS  0|AC  0|TAMS 0x0000000089d00000, 0x0000000089d00000|
| 122|0x0000000089e00000, 0x0000000089e00000, 0x0000000089f00000|  0%| F|  |TS  0|AC  0|TAMS 0x0000000089e00000, 0x0000000089e00000|
| 123|0x0000000089f00000, 0x0000000089f00000, 0x000000008a000000|  0%| F|  |TS  0|AC  0|TAMS 0x0000000089f00000, 0x0000000089f00000|
| 124|0x000000008a000000, 0x000000008a08fe10, 0x000000008a100000| 56%| E|  |TS  0|AC  0|TAMS 0x000000008a000000, 0x000000008a000000|
| 125|0x000000008a100000, 0x000000008a200000, 0x000000008a200000|100%| E|CS|TS  0|AC  0|TAMS 0x000000008a100000, 0x000000008a100000|

Card table byte_map: [0x0000014cc49e0000,0x0000014cc4dd0000] byte_map_base: 0x0000014cc45ce000

Marking Bits (Prev, Next): (CMBitMap*) 0x0000014caa30f880, (CMBitMap*) 0x0000014caa30f8b8
 Prev Bits: [0x0000014cc51c0000, 0x0000014cc7130000)
 Next Bits: [0x0000014cc7130000, 0x0000014cc90a0000)

Polling page: 0x0000014ca9a20000

CodeHeap 'non-profiled nmethods': size=120064Kb used=34Kb max_used=34Kb free=120029Kb
 bounds [0x0000014cbd0b0000, 0x0000014cbd320000, 0x0000014cc45f0000]
CodeHeap 'profiled nmethods': size=120000Kb used=153Kb max_used=153Kb free=119846Kb
 bounds [0x0000014cb5b80000, 0x0000014cb5df0000, 0x0000014cbd0b0000]
CodeHeap 'non-nmethods': size=5696Kb used=986Kb max_used=998Kb free=4709Kb
 bounds [0x0000014cb55f0000, 0x0000014cb5860000, 0x0000014cb5b80000]
 total_blobs=418 nmethods=117 adapters=145
 compilation: enabled

Compilation events (10 events):
Event: 0.433 Thread 0x0000014ccc2c5000 nmethod 112 0x0000014cb5ba5490 code [0x0000014cb5ba5680, 0x0000014cb5ba5af8]
Event: 0.437 Thread 0x0000014ccc2c5000  113       1       java.lang.module.ModuleDescriptor$Provides::service (5 bytes)
Event: 0.437 Thread 0x0000014ccc2c5000 nmethod 113 0x0000014cbd0b7890 code [0x0000014cbd0b7a40, 0x0000014cbd0b7b58]
Event: 0.439 Thread 0x0000014ccc259800  114       4       java.lang.String::coder (15 bytes)
Event: 0.440 Thread 0x0000014ccc259800 nmethod 114 0x0000014cbd0b7c10 code [0x0000014cbd0b7da0, 0x0000014cbd0b7df8]
Event: 0.442 Thread 0x0000014ccc2c5000  115       3       java.lang.String::<init> (15 bytes)
Event: 0.442 Thread 0x0000014ccc2c5000 nmethod 115 0x0000014cb5ba5d90 code [0x0000014cb5ba5f40, 0x0000014cb5ba6158]
Event: 0.444 Thread 0x0000014ccc2c5000  116       3       java.lang.module.ResolvedModule::descriptor (8 bytes)
Event: 0.444 Thread 0x0000014ccc2c5000 nmethod 116 0x0000014cb5ba6210 code [0x0000014cb5ba63c0, 0x0000014cb5ba6558]
Event: 0.447 Thread 0x0000014ccc259800  117       4       java.util.HashMap::putIfAbsent (13 bytes)

GC Heap History (0 events):
No events

Deoptimization events (0 events):
No events

Classes redefined (0 events):
No events

Internal exceptions (0 events):
No events

Events (10 events):
Event: 0.401 loading class java/util/Collections$UnmodifiableCollection$1
Event: 0.401 loading class java/util/Collections$UnmodifiableCollection$1 done
Event: 0.402 loading class java/lang/module/ResolvedModule
Event: 0.402 loading class java/lang/module/ResolvedModule done
Event: 0.405 loading class java/util/ArrayList$Itr
Event: 0.406 loading class java/util/ArrayList$Itr done
Event: 0.408 loading class java/util/HashMap$EntrySet
Event: 0.408 loading class java/util/HashMap$EntrySet done
Event: 0.408 loading class java/util/HashMap$EntryIterator
Event: 0.409 loading class java/util/HashMap$EntryIterator done


Dynamic libraries:
0x00007ff671720000 - 0x00007ff67175e000 	D:\Program Files\Java\jdk-10.0.1\bin\java.exe
0x00007ffdd24e0000 - 0x00007ffdd26c1000 	C:\WINDOWS\SYSTEM32\ntdll.dll
0x00007ffdd2060000 - 0x00007ffdd2112000 	C:\WINDOWS\System32\KERNEL32.DLL
0x00007ffdce8b0000 - 0x00007ffdceb23000 	C:\WINDOWS\System32\KERNELBASE.dll
0x00007ffdd1920000 - 0x00007ffdd19c1000 	C:\WINDOWS\System32\ADVAPI32.dll
0x00007ffdd0fb0000 - 0x00007ffdd104e000 	C:\WINDOWS\System32\msvcrt.dll
0x00007ffdd2280000 - 0x00007ffdd22db000 	C:\WINDOWS\System32\sechost.dll
0x00007ffdd1f30000 - 0x00007ffdd2054000 	C:\WINDOWS\System32\RPCRT4.dll
0x00007ffdd22f0000 - 0x00007ffdd2480000 	C:\WINDOWS\System32\USER32.dll
0x00007ffdceb30000 - 0x00007ffdceb50000 	C:\WINDOWS\System32\win32u.dll
0x00007ffdd2480000 - 0x00007ffdd24a8000 	C:\WINDOWS\System32\GDI32.dll
0x00007ffdcf410000 - 0x00007ffdcf5a2000 	C:\WINDOWS\System32\gdi32full.dll
0x00007ffdcf7a0000 - 0x00007ffdcf83f000 	C:\WINDOWS\System32\msvcp_win.dll
0x00007ffdceb50000 - 0x00007ffdcec4a000 	C:\WINDOWS\System32\ucrtbase.dll
0x00007ffdce600000 - 0x00007ffdce60a000 	C:\WINDOWS\SYSTEM32\VERSION.dll
0x00007ffdc1d30000 - 0x00007ffdc1f99000 	C:\WINDOWS\WinSxS\amd64_microsoft.windows.common-controls_6595b64144ccf1df_6.0.17134.48_none_b4b2216a3cb4dd3e\COMCTL32.dll
0x00007ffdd11b0000 - 0x00007ffdd14d3000 	C:\WINDOWS\System32\combase.dll
0x00007ffdcf8f0000 - 0x00007ffdcf96a000 	C:\WINDOWS\System32\bcryptPrimitives.dll
0x00007ffdd18d0000 - 0x00007ffdd18fd000 	C:\WINDOWS\System32\IMM32.DLL
0x00007ffdce610000 - 0x00007ffdce646000 	C:\WINDOWS\system32\DriverStore\FileRepository\nvaci.inf_amd64_f658c3ebd2a88192\nvinitx.dll
0x00007ffdcfb10000 - 0x00007ffdd0f50000 	C:\WINDOWS\System32\Shell32.dll
0x00007ffdcf3c0000 - 0x00007ffdcf409000 	C:\WINDOWS\System32\cfgmgr32.dll
0x00007ffdd19d0000 - 0x00007ffdd1a79000 	C:\WINDOWS\System32\shcore.dll
0x00007ffdcec50000 - 0x00007ffdcf35d000 	C:\WINDOWS\System32\windows.storage.dll
0x00007ffdd1590000 - 0x00007ffdd15e1000 	C:\WINDOWS\System32\shlwapi.dll
0x00007ffdce860000 - 0x00007ffdce871000 	C:\WINDOWS\System32\kernel.appcore.dll
0x00007ffdce880000 - 0x00007ffdce89f000 	C:\WINDOWS\System32\profapi.dll
0x00007ffdce7f0000 - 0x00007ffdce83c000 	C:\WINDOWS\System32\powrprof.dll
0x00007ffdce8a0000 - 0x00007ffdce8aa000 	C:\WINDOWS\System32\FLTLIB.DLL
0x00000000587a0000 - 0x00000000587a6000 	C:\Program Files\NVIDIA Corporation\CoProcManager\_etoured.dll
0x00007ffdc31f0000 - 0x00007ffdc3233000 	C:\Program Files\NVIDIA Corporation\CoProcManager\nvd3d9wrapx.dll
0x00007ffdd1ae0000 - 0x00007ffdd1f2b000 	C:\WINDOWS\System32\SETUPAPI.dll
0x00007ffdc49f0000 - 0x00007ffdc4a1d000 	C:\Program Files\NVIDIA Corporation\CoProcManager\nvdxgiwrapx.dll
0x00007ffd9de20000 - 0x00007ffd9df0f000 	D:\Program Files\Java\jdk-10.0.1\bin\msvcr120.dll
0x00007ffda1cf0000 - 0x00007ffda1d96000 	D:\Program Files\Java\jdk-10.0.1\bin\msvcp120.dll
0x0000000054230000 - 0x0000000054ca0000 	D:\Program Files\Java\jdk-10.0.1\bin\server\jvm.dll
0x00007ffdd15f0000 - 0x00007ffdd15f8000 	C:\WINDOWS\System32\PSAPI.DLL
0x00007ffdbc620000 - 0x00007ffdbc629000 	C:\WINDOWS\SYSTEM32\WSOCK32.dll
0x00007ffdd2120000 - 0x00007ffdd218c000 	C:\WINDOWS\System32\WS2_32.dll
0x00007ffdc9f50000 - 0x00007ffdc9f73000 	C:\WINDOWS\SYSTEM32\WINMM.dll
0x00007ffdc9f20000 - 0x00007ffdc9f4a000 	C:\WINDOWS\SYSTEM32\winmmbase.dll
0x00007ffdccb40000 - 0x00007ffdccb4f000 	D:\Program Files\Java\jdk-10.0.1\bin\verify.dll
0x00007ffdb6e00000 - 0x00007ffdb6fc9000 	C:\WINDOWS\SYSTEM32\DBGHELP.DLL
0x00007ffdb5f00000 - 0x00007ffdb5f29000 	C:\WINDOWS\SYSTEM32\dbgcore.DLL
0x00007ffdc86f0000 - 0x00007ffdc8717000 	D:\Program Files\Java\jdk-10.0.1\bin\java.dll
0x00007ffdc0230000 - 0x00007ffdc025a000 	D:\Program Files\Java\jdk-10.0.1\bin\instrument.dll
0x00007ffdc3bb0000 - 0x00007ffdc3bc6000 	D:\Program Files\Java\jdk-10.0.1\bin\zip.dll
0x00007ffdccb30000 - 0x00007ffdccb3a000 	D:\Program Files\Java\jdk-10.0.1\bin\jimage.dll

dbghelp: loaded successfully - version: 4.0.5 - missing functions: none
symbol engine: initialized successfully - sym options: 0x614 - pdb path: .;D:\Program Files\Java\jdk-10.0.1\bin;C:\WINDOWS\SYSTEM32;C:\WINDOWS\WinSxS\amd64_microsoft.windows.common-controls_6595b64144ccf1df_6.0.17134.48_none_b4b2216a3cb4dd3e;C:\WINDOWS\system32\DriverStore\FileRepository\nvaci.inf_amd64_f658c3ebd2a88192;C:\Program Files\NVIDIA Corporation\CoProcManager;D:\Program Files\Java\jdk-10.0.1\bin\server

VM Arguments:
jvm_args: -javaagent:D:\Program Files\JetBrains\IntelliJ IDEA 2018.1.1\lib\idea_rt.jar=62258:D:\Program Files\JetBrains\IntelliJ IDEA 2018.1.1\bin -Dfile.encoding=UTF-8 
java_command: Main
java_class_path (initial): D:\work\java\psgbd_lab10\out\production\psgbd_lab10
Launcher Type: SUN_STANDARD

Logging:
Log output configuration:
#0: stdout all=warning uptime,level,tags
#1: stderr all=off uptime,level,tags

Environment Variables:
PATH=C:\Program Files (x86)\Common Files\Oracle\Java\javapath;C:\ProgramData\Oracle\Java\javapath;D:\oraclexe\app\oracle\product\11.2.0\server\bin;C:\Windows\System32;C:\Windows;C:\Windows\System32\wbem;C:\Windows\System32\WindowsPowerShell\v1.0\;C:\Program Files\Microsoft SQL Server\130\Tools\Binn\;C:\Program Files (x86)\Skype\Phone\;C:\Program Files\Microsoft SQL Server\120\Tools\Binn\;C:\Program Files\Git\cmd;C:\Program Files (x86)\NVIDIA Corporation\PhysX\Common;D:\Program Files\LLVM\bin;D:\MinGW\bin;C:\WINDOWS\system32;C:\WINDOWS;C:\WINDOWS\System32\Wbem;C:\WINDOWS\System32\WindowsPowerShell\v1.0\;C:\WINDOWS\System32\OpenSSH\;C:\Program Files\dotnet\;C:\Users\sergiu\AppData\Local\Microsoft\WindowsApps;C:\Users\sergiu\AppData\Local\GitHubDesktop\bin;D:\Program Files\Microsoft VS Code\bin;C:\Users\sergiu\AppData\Local\Microsoft\WindowsApps;C:\Program Files\Microsoft VS Code\bin;C:\php7;C:\instant_client_12_2;
USERNAME=sergiu
OS=Windows_NT
PROCESSOR_IDENTIFIER=Intel64 Family 6 Model 42 Stepping 7, GenuineIntel



---------------  S Y S T E M  ---------------

OS: Windows 10 , 64 bit Build 17134 (10.0.17134.1)

CPU:total 4 (initial active 4) (2 cores per cpu, 2 threads per core) family 6 model 42 stepping 7, cmov, cx8, fxsr, mmx, sse, sse2, sse3, ssse3, sse4.1, sse4.2, popcnt, avx, aes, clmul, ht, tsc, tscinvbit

Memory: 4k page, physical 8236908k(1797056k free), swap 9285484k(2072k free)

vm_info: Java HotSpot(TM) 64-Bit Server VM (10.0.1+10) for windows-amd64 JRE (10.0.1+10), built on Mar 27 2018 02:27:48 by "mach5one" with MS VC++ 12.0 (VS2013)

END.
